2024-09-18 09:42:23,869 [Worker-3: Loading available Gradle versions] INFO  o.e.b.c.i.u.g.PublishedGradleVersions - Gradle version information cache is out-of-date. Trying to update.
2024-09-18 15:38:58,431 [Worker-0: Loading available Gradle versions] INFO  o.e.b.c.i.u.g.PublishedGradleVersions - Gradle version information cache is up-to-date. Trying to read.
2024-09-18 16:00:16,375 [Worker-11: Import Getting Started Content] INFO  o.e.m.c.i.l.LifecycleMappingFactory - Using org.eclipse.m2e.jdt.JarLifecycleMapping lifecycle mapping for MavenProject: com.premjeet.springboot:01-spring-boot-spring-mvc-security-default:0.0.1-SNAPSHOT @ E:\SpringBoot\workspace-spring-tool-suite-4-4.15.2.RELEASE\08-spring-boot-spring-mvc-security\01-spring-boot-spring-mvc-security-default\pom.xml.
2024-09-18 16:00:20,177 [Worker-11: Import Getting Started Content] INFO  o.e.m.c.i.e.AbstractTransferListenerAdapter - Downloading https://repo.maven.apache.org/maven2/org/thymeleaf/extras/thymeleaf-extras-springsecurity6/3.1.2.RELEASE/thymeleaf-extras-springsecurity6-3.1.2.RELEASE.pom
2024-09-18 16:00:20,402 [Worker-11: Import Getting Started Content] INFO  o.e.m.c.i.e.AbstractTransferListenerAdapter - Downloaded https://repo.maven.apache.org/maven2/org/thymeleaf/extras/thymeleaf-extras-springsecurity6/3.1.2.RELEASE/thymeleaf-extras-springsecurity6-3.1.2.RELEASE.pom
2024-09-18 16:00:20,549 [Worker-11: Import Getting Started Content] INFO  o.e.m.c.i.e.AbstractTransferListenerAdapter - Downloading https://repo.maven.apache.org/maven2/org/springframework/security/spring-security-bom/6.1.2/spring-security-bom-6.1.2.pom
2024-09-18 16:00:20,772 [Worker-11: Import Getting Started Content] INFO  o.e.m.c.i.e.AbstractTransferListenerAdapter - Downloaded https://repo.maven.apache.org/maven2/org/springframework/security/spring-security-bom/6.1.2/spring-security-bom-6.1.2.pom
2024-09-18 16:00:22,193 [Worker-11: Import Getting Started Content] INFO  o.e.m.c.i.e.AbstractTransferListenerAdapter - Downloading https://repo.maven.apache.org/maven2/org/springframework/security/spring-security-test/6.3.3/spring-security-test-6.3.3.pom
2024-09-18 16:00:22,394 [Worker-11: Import Getting Started Content] INFO  o.e.m.c.i.e.AbstractTransferListenerAdapter - Downloaded https://repo.maven.apache.org/maven2/org/springframework/security/spring-security-test/6.3.3/spring-security-test-6.3.3.pom
2024-09-18 16:00:22,586 [AetherRepositoryConnector-repo.maven.apache.org-0-0] INFO  o.e.m.c.i.e.AbstractTransferListenerAdapter - Downloading https://repo.maven.apache.org/maven2/org/thymeleaf/extras/thymeleaf-extras-springsecurity6/3.1.2.RELEASE/thymeleaf-extras-springsecurity6-3.1.2.RELEASE.jar
2024-09-18 16:00:22,686 [AetherRepositoryConnector-repo.maven.apache.org-0-1] INFO  o.e.m.c.i.e.AbstractTransferListenerAdapter - Downloading https://repo.maven.apache.org/maven2/org/springframework/security/spring-security-test/6.3.3/spring-security-test-6.3.3.jar
2024-09-18 16:00:23,055 [AetherRepositoryConnector-repo.maven.apache.org-0-1] INFO  o.e.m.c.i.e.AbstractTransferListenerAdapter - Downloaded https://repo.maven.apache.org/maven2/org/springframework/security/spring-security-test/6.3.3/spring-security-test-6.3.3.jar
2024-09-18 16:00:23,224 [AetherRepositoryConnector-repo.maven.apache.org-0-0] INFO  o.e.m.c.i.e.AbstractTransferListenerAdapter - Downloaded https://repo.maven.apache.org/maven2/org/thymeleaf/extras/thymeleaf-extras-springsecurity6/3.1.2.RELEASE/thymeleaf-extras-springsecurity6-3.1.2.RELEASE.jar
2024-09-18 16:00:23,507 [Worker-11: Import Getting Started Content] INFO  o.e.m.c.i.l.LifecycleMappingFactory - Using org.eclipse.m2e.jdt.JarLifecycleMapping lifecycle mapping for MavenProject: com.premjeet.springboot:01-spring-boot-spring-mvc-security-default:0.0.1-SNAPSHOT @ E:\SpringBoot\workspace-spring-tool-suite-4-4.15.2.RELEASE\08-spring-boot-spring-mvc-security\01-spring-boot-spring-mvc-security-default\pom.xml.
2024-09-18 16:00:28,411 [Worker-11: Import Getting Started Content] INFO  o.e.m.j.i.AbstractJavaProjectConfigurator - Adding source folder /01-spring-boot-spring-mvc-security-default/src/main/java
2024-09-18 16:00:28,412 [Worker-11: Import Getting Started Content] INFO  o.e.m.j.i.AbstractJavaProjectConfigurator - Adding resource folder /01-spring-boot-spring-mvc-security-default/src/main/resources
2024-09-18 16:00:28,512 [Worker-11: Import Getting Started Content] INFO  o.e.m.j.i.AbstractJavaProjectConfigurator - Adding resource folder /01-spring-boot-spring-mvc-security-default/src/main/resources
2024-09-18 16:00:28,531 [Worker-11: Import Getting Started Content] INFO  o.e.m.j.i.AbstractJavaProjectConfigurator - Adding source folder /01-spring-boot-spring-mvc-security-default/src/test/java
2024-09-18 16:00:29,647 [Worker-2: Download sources and javadoc] INFO  o.e.m.c.i.e.AbstractTransferListenerAdapter - Downloading https://repo.maven.apache.org/maven2/org/thymeleaf/extras/thymeleaf-extras-springsecurity6/3.1.2.RELEASE/thymeleaf-extras-springsecurity6-3.1.2.RELEASE-sources.jar
2024-09-18 16:00:30,100 [Worker-2: Download sources and javadoc] INFO  o.e.m.c.i.e.AbstractTransferListenerAdapter - Downloaded https://repo.maven.apache.org/maven2/org/thymeleaf/extras/thymeleaf-extras-springsecurity6/3.1.2.RELEASE/thymeleaf-extras-springsecurity6-3.1.2.RELEASE-sources.jar
2024-09-18 16:00:30,105 [Worker-2: Download sources and javadoc] INFO  o.e.m.j.internal.DownloadSourcesJob - Downloaded sources for org.thymeleaf.extras:thymeleaf-extras-springsecurity6:3.1.2.RELEASE
2024-09-18 16:00:30,486 [Worker-2: Download sources and javadoc] INFO  o.e.m.c.i.e.AbstractTransferListenerAdapter - Downloading https://repo.maven.apache.org/maven2/org/springframework/security/spring-security-test/6.3.3/spring-security-test-6.3.3-sources.jar
2024-09-18 16:00:30,713 [Worker-2: Download sources and javadoc] INFO  o.e.m.c.i.e.AbstractTransferListenerAdapter - Downloaded https://repo.maven.apache.org/maven2/org/springframework/security/spring-security-test/6.3.3/spring-security-test-6.3.3-sources.jar
2024-09-18 16:00:30,718 [Worker-2: Download sources and javadoc] INFO  o.e.m.j.internal.DownloadSourcesJob - Downloaded sources for org.springframework.security:spring-security-test:6.3.3
2024-09-18 16:00:40,288 [Worker-11: Import Getting Started Content] INFO  o.e.m.c.i.p.ProjectConfigurationManager - Imported and configured 1 project(s) in 34 sec
2024-09-18 16:00:40,303 [Worker-11: Import Getting Started Content] INFO  o.e.m.c.i.p.ProjectConfigurationManager - Update started
2024-09-18 16:00:41,052 [Worker-11: Import Getting Started Content] INFO  o.e.m.c.i.l.LifecycleMappingFactory - Using org.eclipse.m2e.jdt.JarLifecycleMapping lifecycle mapping for MavenProject: com.premjeet.springboot:01-spring-boot-spring-mvc-security-default:0.0.1-SNAPSHOT @ E:\SpringBoot\workspace-spring-tool-suite-4-4.15.2.RELEASE\08-spring-boot-spring-mvc-security\01-spring-boot-spring-mvc-security-default\pom.xml.
2024-09-18 16:00:41,795 [Worker-11: Import Getting Started Content] INFO  o.e.m.j.i.AbstractJavaProjectConfigurator - Adding source folder /01-spring-boot-spring-mvc-security-default/src/main/java
2024-09-18 16:00:41,796 [Worker-11: Import Getting Started Content] INFO  o.e.m.j.i.AbstractJavaProjectConfigurator - Adding resource folder /01-spring-boot-spring-mvc-security-default/src/main/resources
2024-09-18 16:00:41,796 [Worker-11: Import Getting Started Content] INFO  o.e.m.j.i.AbstractJavaProjectConfigurator - Adding resource folder /01-spring-boot-spring-mvc-security-default/src/main/resources
2024-09-18 16:00:41,798 [Worker-11: Import Getting Started Content] INFO  o.e.m.j.i.AbstractJavaProjectConfigurator - Adding source folder /01-spring-boot-spring-mvc-security-default/src/test/java
2024-09-18 16:00:44,131 [Worker-11: Import Getting Started Content] INFO  o.e.m.c.i.p.ProjectConfigurationManager - Update completed: 3 sec
2024-09-18 16:00:46,202 [Worker-11: Building] INFO  o.a.m.s.f.DefaultMavenResourcesFiltering - Copying 1 resource from src\main\resources to target\classes
2024-09-18 16:00:46,224 [Worker-11: Building] INFO  o.a.m.s.f.DefaultMavenResourcesFiltering - Copying 0 resource from src\main\resources to target\classes
2024-09-18 16:00:46,245 [Worker-11: Building] INFO  o.a.m.s.f.DefaultMavenResourcesFiltering - skip non existing resourceDirectory E:\SpringBoot\workspace-spring-tool-suite-4-4.15.2.RELEASE\08-spring-boot-spring-mvc-security\01-spring-boot-spring-mvc-security-default\src\test\resources
2024-09-18 16:02:56,907 [Worker-11: Building] INFO  o.a.m.s.f.DefaultMavenResourcesFiltering - Copying 1 resource from src\main\resources to target\classes
2024-09-18 16:02:56,916 [Worker-11: Building] INFO  o.a.m.s.f.DefaultMavenResourcesFiltering - Copying 0 resource from src\main\resources to target\classes
2024-09-18 16:02:56,924 [Worker-11: Building] INFO  o.a.m.s.f.DefaultMavenResourcesFiltering - skip non existing resourceDirectory E:\SpringBoot\workspace-spring-tool-suite-4-4.15.2.RELEASE\08-spring-boot-spring-mvc-security\01-spring-boot-spring-mvc-security-default\src\test\resources
2024-09-18 16:03:10,739 [Worker-12: Building] INFO  o.a.m.s.f.DefaultMavenResourcesFiltering - Copying 1 resource from src\main\resources to target\classes
2024-09-18 16:03:10,778 [Worker-12: Building] INFO  o.a.m.s.f.DefaultMavenResourcesFiltering - Copying 0 resource from src\main\resources to target\classes
2024-09-18 16:03:10,784 [Worker-12: Building] INFO  o.a.m.s.f.DefaultMavenResourcesFiltering - skip non existing resourceDirectory E:\SpringBoot\workspace-spring-tool-suite-4-4.15.2.RELEASE\08-spring-boot-spring-mvc-security\01-spring-boot-spring-mvc-security-default\src\test\resources
2024-09-18 16:04:18,844 [Worker-20: Building] INFO  o.a.m.s.f.DefaultMavenResourcesFiltering - Copying 1 resource from src\main\resources to target\classes
2024-09-18 16:04:18,851 [Worker-20: Building] INFO  o.a.m.s.f.DefaultMavenResourcesFiltering - Copying 0 resource from src\main\resources to target\classes
2024-09-18 16:04:18,854 [Worker-20: Building] INFO  o.a.m.s.f.DefaultMavenResourcesFiltering - skip non existing resourceDirectory E:\SpringBoot\workspace-spring-tool-suite-4-4.15.2.RELEASE\08-spring-boot-spring-mvc-security\01-spring-boot-spring-mvc-security-default\src\test\resources
2024-09-18 16:04:29,670 [Worker-22: Building] INFO  o.a.m.s.f.DefaultMavenResourcesFiltering - Copying 1 resource from src\main\resources to target\classes
2024-09-18 16:04:29,677 [Worker-22: Building] INFO  o.a.m.s.f.DefaultMavenResourcesFiltering - Copying 0 resource from src\main\resources to target\classes
2024-09-18 16:04:29,679 [Worker-22: Building] INFO  o.a.m.s.f.DefaultMavenResourcesFiltering - skip non existing resourceDirectory E:\SpringBoot\workspace-spring-tool-suite-4-4.15.2.RELEASE\08-spring-boot-spring-mvc-security\01-spring-boot-spring-mvc-security-default\src\test\resources
2024-09-18 16:04:50,067 [Worker-11: Building] INFO  o.a.m.s.f.DefaultMavenResourcesFiltering - Copying 0 resource from src\main\resources to target\classes
2024-09-18 16:04:50,068 [Worker-11: Building] INFO  o.a.m.s.f.DefaultMavenResourcesFiltering - Copying 1 resource from src\main\resources to target\classes
2024-09-18 16:04:50,075 [Worker-11: Building] INFO  o.a.m.s.f.DefaultMavenResourcesFiltering - skip non existing resourceDirectory E:\SpringBoot\workspace-spring-tool-suite-4-4.15.2.RELEASE\08-spring-boot-spring-mvc-security\01-spring-boot-spring-mvc-security-default\src\test\resources
2024-09-18 16:07:38,251 [Worker-22: Building] INFO  o.a.m.s.f.DefaultMavenResourcesFiltering - Copying 0 resource from src\main\resources to target\classes
2024-09-18 16:07:38,252 [Worker-22: Building] INFO  o.a.m.s.f.DefaultMavenResourcesFiltering - Copying 1 resource from src\main\resources to target\classes
2024-09-18 16:07:38,257 [Worker-22: Building] INFO  o.a.m.s.f.DefaultMavenResourcesFiltering - skip non existing resourceDirectory E:\SpringBoot\workspace-spring-tool-suite-4-4.15.2.RELEASE\08-spring-boot-spring-mvc-security\01-spring-boot-spring-mvc-security-default\src\test\resources
2024-09-18 16:08:39,600 [Worker-11: Building] INFO  o.a.m.s.f.DefaultMavenResourcesFiltering - Copying 0 resource from src\main\resources to target\classes
2024-09-18 16:08:39,601 [Worker-11: Building] INFO  o.a.m.s.f.DefaultMavenResourcesFiltering - Copying 1 resource from src\main\resources to target\classes
2024-09-18 16:08:39,612 [Worker-11: Building] INFO  o.a.m.s.f.DefaultMavenResourcesFiltering - skip non existing resourceDirectory E:\SpringBoot\workspace-spring-tool-suite-4-4.15.2.RELEASE\08-spring-boot-spring-mvc-security\01-spring-boot-spring-mvc-security-default\src\test\resources
2024-09-18 16:08:48,793 [Worker-22: Building] INFO  o.a.m.s.f.DefaultMavenResourcesFiltering - Copying 0 resource from src\main\resources to target\classes
2024-09-18 16:08:48,794 [Worker-22: Building] INFO  o.a.m.s.f.DefaultMavenResourcesFiltering - Copying 1 resource from src\main\resources to target\classes
2024-09-18 16:08:48,802 [Worker-22: Building] INFO  o.a.m.s.f.DefaultMavenResourcesFiltering - skip non existing resourceDirectory E:\SpringBoot\workspace-spring-tool-suite-4-4.15.2.RELEASE\08-spring-boot-spring-mvc-security\01-spring-boot-spring-mvc-security-default\src\test\resources
2024-09-18 16:11:50,002 [Worker-27: Building] INFO  o.a.m.s.f.DefaultMavenResourcesFiltering - Copying 0 resource from src\main\resources to target\classes
2024-09-18 16:11:50,003 [Worker-27: Building] INFO  o.a.m.s.f.DefaultMavenResourcesFiltering - Copying 1 resource from src\main\resources to target\classes
2024-09-18 16:11:50,010 [Worker-27: Building] INFO  o.a.m.s.f.DefaultMavenResourcesFiltering - skip non existing resourceDirectory E:\SpringBoot\workspace-spring-tool-suite-4-4.15.2.RELEASE\08-spring-boot-spring-mvc-security\01-spring-boot-spring-mvc-security-default\src\test\resources
2024-09-19 09:12:56,965 [Worker-1: Loading available Gradle versions] INFO  o.e.b.c.i.u.g.PublishedGradleVersions - Gradle version information cache is up-to-date. Trying to read.
2024-09-19 09:50:31,629 [Worker-6: Building] INFO  o.a.m.s.f.DefaultMavenResourcesFiltering - Copying 1 resource from src\main\resources to target\classes
2024-09-19 09:50:31,715 [Worker-6: Building] INFO  o.a.m.s.f.DefaultMavenResourcesFiltering - Copying 1 resource from src\main\resources to target\classes
2024-09-19 09:50:31,722 [Worker-6: Building] INFO  o.a.m.s.f.DefaultMavenResourcesFiltering - skip non existing resourceDirectory E:\SpringBoot\workspace-spring-tool-suite-4-4.15.2.RELEASE\08-spring-boot-spring-mvc-security\01-spring-boot-spring-mvc-security-default\src\test\resources
2024-09-19 09:51:28,557 [Worker-1: Building] INFO  o.a.m.s.f.DefaultMavenResourcesFiltering - Copying 1 resource from src\main\resources to target\classes
2024-09-19 09:51:28,583 [Worker-1: Building] INFO  o.a.m.s.f.DefaultMavenResourcesFiltering - Copying 1 resource from src\main\resources to target\classes
2024-09-19 09:51:28,588 [Worker-1: Building] INFO  o.a.m.s.f.DefaultMavenResourcesFiltering - skip non existing resourceDirectory E:\SpringBoot\workspace-spring-tool-suite-4-4.15.2.RELEASE\08-spring-boot-spring-mvc-security\01-spring-boot-spring-mvc-security-default\src\test\resources
2024-09-19 09:52:50,602 [Worker-9: Importing Maven projects] INFO  o.e.m.c.i.l.LifecycleMappingFactory - Using org.eclipse.m2e.jdt.JarLifecycleMapping lifecycle mapping for MavenProject: com.premjeet.springboot:01-spring-boot-spring-mvc-security-default:0.0.1-SNAPSHOT @ E:\SpringBoot\workspace-spring-tool-suite-4-4.15.2.RELEASE\08-spring-boot-spring-mvc-security\02-spring-boot-spring-mvc-security-in-memory-users\pom.xml.
2024-09-19 09:52:51,898 [Worker-9: Importing Maven projects] INFO  o.e.m.j.i.AbstractJavaProjectConfigurator - Adding source folder /02-spring-boot-spring-mvc-security-in-memory-users/src/main/java
2024-09-19 09:52:51,899 [Worker-9: Importing Maven projects] INFO  o.e.m.j.i.AbstractJavaProjectConfigurator - Adding resource folder /02-spring-boot-spring-mvc-security-in-memory-users/src/main/resources
2024-09-19 09:52:51,899 [Worker-9: Importing Maven projects] INFO  o.e.m.j.i.AbstractJavaProjectConfigurator - Adding resource folder /02-spring-boot-spring-mvc-security-in-memory-users/src/main/resources
2024-09-19 09:52:51,900 [Worker-9: Importing Maven projects] INFO  o.e.m.j.i.AbstractJavaProjectConfigurator - Adding source folder /02-spring-boot-spring-mvc-security-in-memory-users/src/test/java
2024-09-19 09:52:52,428 [Worker-9: Importing Maven projects] INFO  o.e.m.c.i.p.ProjectConfigurationManager - Imported and configured 1 project(s) in 7 sec
2024-09-19 09:52:54,712 [Worker-10: Building] INFO  o.a.m.s.f.DefaultMavenResourcesFiltering - Copying 1 resource from src\main\resources to target\classes
2024-09-19 09:52:54,851 [Worker-10: Building] INFO  o.a.m.s.f.DefaultMavenResourcesFiltering - Copying 1 resource from src\main\resources to target\classes
2024-09-19 09:52:54,857 [Worker-10: Building] INFO  o.a.m.s.f.DefaultMavenResourcesFiltering - skip non existing resourceDirectory E:\SpringBoot\workspace-spring-tool-suite-4-4.15.2.RELEASE\08-spring-boot-spring-mvc-security\02-spring-boot-spring-mvc-security-in-memory-users\src\test\resources
2024-09-19 09:53:11,959 [Worker-1: Building] INFO  o.a.m.s.f.DefaultMavenResourcesFiltering - Copying 1 resource from src\main\resources to target\classes
2024-09-19 09:53:11,971 [Worker-1: Building] INFO  o.a.m.s.f.DefaultMavenResourcesFiltering - Copying 0 resource from src\main\resources to target\classes
2024-09-19 09:53:11,975 [Worker-1: Building] INFO  o.a.m.s.f.DefaultMavenResourcesFiltering - skip non existing resourceDirectory E:\SpringBoot\workspace-spring-tool-suite-4-4.15.2.RELEASE\08-spring-boot-spring-mvc-security\02-spring-boot-spring-mvc-security-in-memory-users\src\test\resources
2024-09-19 09:53:22,166 [Worker-6: Building] INFO  o.a.m.s.f.DefaultMavenResourcesFiltering - Copying 1 resource from src\main\resources to target\classes
2024-09-19 09:53:22,173 [Worker-6: Building] INFO  o.a.m.s.f.DefaultMavenResourcesFiltering - Copying 1 resource from src\main\resources to target\classes
2024-09-19 09:53:22,176 [Worker-6: Building] INFO  o.a.m.s.f.DefaultMavenResourcesFiltering - skip non existing resourceDirectory E:\SpringBoot\workspace-spring-tool-suite-4-4.15.2.RELEASE\08-spring-boot-spring-mvc-security\02-spring-boot-spring-mvc-security-in-memory-users\src\test\resources
2024-09-19 09:54:04,661 [Worker-10: Building] INFO  o.a.m.s.f.DefaultMavenResourcesFiltering - Copying 1 resource from src\main\resources to target\classes
2024-09-19 09:54:04,697 [Worker-10: Building] INFO  o.a.m.s.f.DefaultMavenResourcesFiltering - Copying 1 resource from src\main\resources to target\classes
2024-09-19 09:54:04,701 [Worker-10: Building] INFO  o.a.m.s.f.DefaultMavenResourcesFiltering - skip non existing resourceDirectory E:\SpringBoot\workspace-spring-tool-suite-4-4.15.2.RELEASE\08-spring-boot-spring-mvc-security\02-spring-boot-spring-mvc-security-in-memory-users\src\test\resources
2024-09-19 09:56:05,784 [Worker-12: Building] INFO  o.a.m.s.f.DefaultMavenResourcesFiltering - Copying 1 resource from src\main\resources to target\classes
2024-09-19 09:56:05,792 [Worker-12: Building] INFO  o.a.m.s.f.DefaultMavenResourcesFiltering - Copying 1 resource from src\main\resources to target\classes
2024-09-19 09:56:05,796 [Worker-12: Building] INFO  o.a.m.s.f.DefaultMavenResourcesFiltering - skip non existing resourceDirectory E:\SpringBoot\workspace-spring-tool-suite-4-4.15.2.RELEASE\08-spring-boot-spring-mvc-security\02-spring-boot-spring-mvc-security-in-memory-users\src\test\resources
2024-09-19 15:22:53,026 [Worker-7: Loading available Gradle versions] INFO  o.e.b.c.i.u.g.PublishedGradleVersions - Gradle version information cache is out-of-date. Trying to update.
2024-09-19 15:25:28,442 [Worker-1: Building] INFO  o.a.m.s.f.DefaultMavenResourcesFiltering - Copying 1 resource from src\main\resources to target\classes
2024-09-19 15:25:28,539 [Worker-1: Building] INFO  o.a.m.s.f.DefaultMavenResourcesFiltering - Copying 1 resource from src\main\resources to target\classes
2024-09-19 15:25:28,544 [Worker-1: Building] INFO  o.a.m.s.f.DefaultMavenResourcesFiltering - skip non existing resourceDirectory E:\SpringBoot\workspace-spring-tool-suite-4-4.15.2.RELEASE\08-spring-boot-spring-mvc-security\02-spring-boot-spring-mvc-security-in-memory-users\src\test\resources
2024-09-19 15:31:21,305 [Worker-4: Building] INFO  o.a.m.s.f.DefaultMavenResourcesFiltering - Copying 1 resource from src\main\resources to target\classes
2024-09-19 15:31:21,315 [Worker-4: Building] INFO  o.a.m.s.f.DefaultMavenResourcesFiltering - Copying 1 resource from src\main\resources to target\classes
2024-09-19 15:31:21,319 [Worker-4: Building] INFO  o.a.m.s.f.DefaultMavenResourcesFiltering - skip non existing resourceDirectory E:\SpringBoot\workspace-spring-tool-suite-4-4.15.2.RELEASE\08-spring-boot-spring-mvc-security\02-spring-boot-spring-mvc-security-in-memory-users\src\test\resources
2024-09-19 17:15:16,916 [Worker-10: Importing Maven projects] INFO  o.e.m.c.i.l.LifecycleMappingFactory - Using org.eclipse.m2e.jdt.JarLifecycleMapping lifecycle mapping for MavenProject: com.premjeet.springboot:01-spring-boot-spring-mvc-security-default:0.0.1-SNAPSHOT @ E:\SpringBoot\workspace-spring-tool-suite-4-4.15.2.RELEASE\08-spring-boot-spring-mvc-security\03-spring-boot-spring-mvc-security-custom-login-form-plain\pom.xml.
2024-09-19 17:15:21,979 [Worker-10: Importing Maven projects] INFO  o.e.m.j.i.AbstractJavaProjectConfigurator - Adding source folder /03-spring-boot-spring-mvc-security-custom-login-form-plain/src/main/java
2024-09-19 17:15:21,980 [Worker-10: Importing Maven projects] INFO  o.e.m.j.i.AbstractJavaProjectConfigurator - Adding resource folder /03-spring-boot-spring-mvc-security-custom-login-form-plain/src/main/resources
2024-09-19 17:15:21,981 [Worker-10: Importing Maven projects] INFO  o.e.m.j.i.AbstractJavaProjectConfigurator - Adding resource folder /03-spring-boot-spring-mvc-security-custom-login-form-plain/src/main/resources
2024-09-19 17:15:21,982 [Worker-10: Importing Maven projects] INFO  o.e.m.j.i.AbstractJavaProjectConfigurator - Adding source folder /03-spring-boot-spring-mvc-security-custom-login-form-plain/src/test/java
2024-09-19 17:15:22,588 [Worker-10: Importing Maven projects] INFO  o.e.m.c.i.p.ProjectConfigurationManager - Imported and configured 1 project(s) in 17 sec
2024-09-19 17:15:25,189 [Worker-14: Building] INFO  o.a.m.s.f.DefaultMavenResourcesFiltering - Copying 1 resource from src\main\resources to target\classes
2024-09-19 17:15:25,234 [Worker-14: Building] INFO  o.a.m.s.f.DefaultMavenResourcesFiltering - Copying 1 resource from src\main\resources to target\classes
2024-09-19 17:15:25,241 [Worker-14: Building] INFO  o.a.m.s.f.DefaultMavenResourcesFiltering - skip non existing resourceDirectory E:\SpringBoot\workspace-spring-tool-suite-4-4.15.2.RELEASE\08-spring-boot-spring-mvc-security\03-spring-boot-spring-mvc-security-custom-login-form-plain\src\test\resources
2024-09-19 17:15:44,917 [Worker-15: Building] INFO  o.a.m.s.f.DefaultMavenResourcesFiltering - Copying 1 resource from src\main\resources to target\classes
2024-09-19 17:15:44,923 [Worker-15: Building] INFO  o.a.m.s.f.DefaultMavenResourcesFiltering - Copying 0 resource from src\main\resources to target\classes
2024-09-19 17:15:44,925 [Worker-15: Building] INFO  o.a.m.s.f.DefaultMavenResourcesFiltering - skip non existing resourceDirectory E:\SpringBoot\workspace-spring-tool-suite-4-4.15.2.RELEASE\08-spring-boot-spring-mvc-security\03-spring-boot-spring-mvc-security-custom-login-form-plain\src\test\resources
2024-09-19 17:29:55,671 [Worker-18: Building] INFO  o.a.m.s.f.DefaultMavenResourcesFiltering - Copying 1 resource from src\main\resources to target\classes
2024-09-19 17:29:55,687 [Worker-18: Building] INFO  o.a.m.s.f.DefaultMavenResourcesFiltering - Copying 1 resource from src\main\resources to target\classes
2024-09-19 17:29:55,690 [Worker-18: Building] INFO  o.a.m.s.f.DefaultMavenResourcesFiltering - skip non existing resourceDirectory E:\SpringBoot\workspace-spring-tool-suite-4-4.15.2.RELEASE\08-spring-boot-spring-mvc-security\03-spring-boot-spring-mvc-security-custom-login-form-plain\src\test\resources
2024-09-19 17:34:46,585 [Worker-18: Building] INFO  o.a.m.s.f.DefaultMavenResourcesFiltering - Copying 1 resource from src\main\resources to target\classes
2024-09-19 17:34:46,599 [Worker-18: Building] INFO  o.a.m.s.f.DefaultMavenResourcesFiltering - Copying 1 resource from src\main\resources to target\classes
2024-09-19 17:34:46,603 [Worker-18: Building] INFO  o.a.m.s.f.DefaultMavenResourcesFiltering - skip non existing resourceDirectory E:\SpringBoot\workspace-spring-tool-suite-4-4.15.2.RELEASE\08-spring-boot-spring-mvc-security\03-spring-boot-spring-mvc-security-custom-login-form-plain\src\test\resources
2024-09-19 17:36:42,927 [Worker-22: Building] INFO  o.a.m.s.f.DefaultMavenResourcesFiltering - Copying 1 resource from src\main\resources to target\classes
2024-09-19 17:36:42,936 [Worker-22: Building] INFO  o.a.m.s.f.DefaultMavenResourcesFiltering - Copying 1 resource from src\main\resources to target\classes
2024-09-19 17:36:42,940 [Worker-22: Building] INFO  o.a.m.s.f.DefaultMavenResourcesFiltering - skip non existing resourceDirectory E:\SpringBoot\workspace-spring-tool-suite-4-4.15.2.RELEASE\08-spring-boot-spring-mvc-security\03-spring-boot-spring-mvc-security-custom-login-form-plain\src\test\resources
2024-09-19 17:37:31,390 [Worker-22: Building] INFO  o.a.m.s.f.DefaultMavenResourcesFiltering - Copying 0 resource from src\main\resources to target\classes
2024-09-19 17:37:31,391 [Worker-22: Building] INFO  o.a.m.s.f.DefaultMavenResourcesFiltering - Copying 1 resource from src\main\resources to target\classes
2024-09-19 17:37:31,396 [Worker-22: Building] INFO  o.a.m.s.f.DefaultMavenResourcesFiltering - skip non existing resourceDirectory E:\SpringBoot\workspace-spring-tool-suite-4-4.15.2.RELEASE\08-spring-boot-spring-mvc-security\03-spring-boot-spring-mvc-security-custom-login-form-plain\src\test\resources
2024-09-19 17:39:10,797 [Worker-23: Building] INFO  o.a.m.s.f.DefaultMavenResourcesFiltering - Copying 0 resource from src\main\resources to target\classes
2024-09-19 17:39:10,798 [Worker-23: Building] INFO  o.a.m.s.f.DefaultMavenResourcesFiltering - Copying 1 resource from src\main\resources to target\classes
2024-09-19 17:39:10,804 [Worker-23: Building] INFO  o.a.m.s.f.DefaultMavenResourcesFiltering - skip non existing resourceDirectory E:\SpringBoot\workspace-spring-tool-suite-4-4.15.2.RELEASE\08-spring-boot-spring-mvc-security\03-spring-boot-spring-mvc-security-custom-login-form-plain\src\test\resources
2024-09-19 17:45:07,624 [Worker-23: Building] INFO  o.a.m.s.f.DefaultMavenResourcesFiltering - Copying 0 resource from src\main\resources to target\classes
2024-09-19 17:45:07,625 [Worker-23: Building] INFO  o.a.m.s.f.DefaultMavenResourcesFiltering - Copying 1 resource from src\main\resources to target\classes
2024-09-19 17:45:07,632 [Worker-23: Building] INFO  o.a.m.s.f.DefaultMavenResourcesFiltering - skip non existing resourceDirectory E:\SpringBoot\workspace-spring-tool-suite-4-4.15.2.RELEASE\08-spring-boot-spring-mvc-security\03-spring-boot-spring-mvc-security-custom-login-form-plain\src\test\resources
2024-09-19 17:46:21,312 [Worker-25: Building] INFO  o.a.m.s.f.DefaultMavenResourcesFiltering - Copying 0 resource from src\main\resources to target\classes
2024-09-19 17:46:21,314 [Worker-25: Building] INFO  o.a.m.s.f.DefaultMavenResourcesFiltering - Copying 1 resource from src\main\resources to target\classes
2024-09-19 17:46:21,322 [Worker-25: Building] INFO  o.a.m.s.f.DefaultMavenResourcesFiltering - skip non existing resourceDirectory E:\SpringBoot\workspace-spring-tool-suite-4-4.15.2.RELEASE\08-spring-boot-spring-mvc-security\03-spring-boot-spring-mvc-security-custom-login-form-plain\src\test\resources
2024-09-19 17:50:40,337 [Worker-23: Importing Maven projects] INFO  o.e.m.c.i.l.LifecycleMappingFactory - Using org.eclipse.m2e.jdt.JarLifecycleMapping lifecycle mapping for MavenProject: com.premjeet.springboot:01-spring-boot-spring-mvc-security-default:0.0.1-SNAPSHOT @ E:\SpringBoot\workspace-spring-tool-suite-4-4.15.2.RELEASE\08-spring-boot-spring-mvc-security\04-spring-boot-spring-mvc-security-custom-login-form-show-error-message\pom.xml.
2024-09-19 17:50:41,280 [Worker-23: Importing Maven projects] INFO  o.e.m.j.i.AbstractJavaProjectConfigurator - Adding source folder /04-spring-boot-spring-mvc-security-custom-login-form-show-error-message/src/main/java
2024-09-19 17:50:41,281 [Worker-23: Importing Maven projects] INFO  o.e.m.j.i.AbstractJavaProjectConfigurator - Adding resource folder /04-spring-boot-spring-mvc-security-custom-login-form-show-error-message/src/main/resources
2024-09-19 17:50:41,281 [Worker-23: Importing Maven projects] INFO  o.e.m.j.i.AbstractJavaProjectConfigurator - Adding resource folder /04-spring-boot-spring-mvc-security-custom-login-form-show-error-message/src/main/resources
2024-09-19 17:50:41,282 [Worker-23: Importing Maven projects] INFO  o.e.m.j.i.AbstractJavaProjectConfigurator - Adding source folder /04-spring-boot-spring-mvc-security-custom-login-form-show-error-message/src/test/java
2024-09-19 17:50:41,574 [Worker-23: Importing Maven projects] INFO  o.e.m.c.i.p.ProjectConfigurationManager - Imported and configured 1 project(s) in 3 sec
2024-09-19 17:50:42,513 [Worker-23: Building] INFO  o.a.m.s.f.DefaultMavenResourcesFiltering - Copying 1 resource from src\main\resources to target\classes
2024-09-19 17:50:42,641 [Worker-23: Building] INFO  o.a.m.s.f.DefaultMavenResourcesFiltering - Copying 2 resources from src\main\resources to target\classes
2024-09-19 17:50:42,649 [Worker-23: Building] INFO  o.a.m.s.f.DefaultMavenResourcesFiltering - skip non existing resourceDirectory E:\SpringBoot\workspace-spring-tool-suite-4-4.15.2.RELEASE\08-spring-boot-spring-mvc-security\04-spring-boot-spring-mvc-security-custom-login-form-show-error-message\src\test\resources
2024-09-19 17:51:16,163 [Worker-17: Building] INFO  o.a.m.s.f.DefaultMavenResourcesFiltering - Copying 1 resource from src\main\resources to target\classes
2024-09-19 17:51:16,170 [Worker-17: Building] INFO  o.a.m.s.f.DefaultMavenResourcesFiltering - Copying 0 resource from src\main\resources to target\classes
2024-09-19 17:51:16,173 [Worker-17: Building] INFO  o.a.m.s.f.DefaultMavenResourcesFiltering - skip non existing resourceDirectory E:\SpringBoot\workspace-spring-tool-suite-4-4.15.2.RELEASE\08-spring-boot-spring-mvc-security\04-spring-boot-spring-mvc-security-custom-login-form-show-error-message\src\test\resources
2024-09-19 17:53:53,210 [Worker-24: Building] INFO  o.a.m.s.f.DefaultMavenResourcesFiltering - Copying 0 resource from src\main\resources to target\classes
2024-09-19 17:53:53,211 [Worker-24: Building] INFO  o.a.m.s.f.DefaultMavenResourcesFiltering - Copying 1 resource from src\main\resources to target\classes
2024-09-19 17:53:53,220 [Worker-24: Building] INFO  o.a.m.s.f.DefaultMavenResourcesFiltering - skip non existing resourceDirectory E:\SpringBoot\workspace-spring-tool-suite-4-4.15.2.RELEASE\08-spring-boot-spring-mvc-security\04-spring-boot-spring-mvc-security-custom-login-form-show-error-message\src\test\resources
2024-09-19 17:57:13,296 [Worker-24: Building] INFO  o.a.m.s.f.DefaultMavenResourcesFiltering - Copying 0 resource from src\main\resources to target\classes
2024-09-19 17:57:13,297 [Worker-24: Building] INFO  o.a.m.s.f.DefaultMavenResourcesFiltering - Copying 1 resource from src\main\resources to target\classes
2024-09-19 17:57:13,302 [Worker-24: Building] INFO  o.a.m.s.f.DefaultMavenResourcesFiltering - skip non existing resourceDirectory E:\SpringBoot\workspace-spring-tool-suite-4-4.15.2.RELEASE\08-spring-boot-spring-mvc-security\04-spring-boot-spring-mvc-security-custom-login-form-show-error-message\src\test\resources
2024-09-19 17:57:49,817 [Worker-26: Building] INFO  o.a.m.s.f.DefaultMavenResourcesFiltering - Copying 0 resource from src\main\resources to target\classes
2024-09-19 17:57:49,818 [Worker-26: Building] INFO  o.a.m.s.f.DefaultMavenResourcesFiltering - Copying 1 resource from src\main\resources to target\classes
2024-09-19 17:57:49,823 [Worker-26: Building] INFO  o.a.m.s.f.DefaultMavenResourcesFiltering - skip non existing resourceDirectory E:\SpringBoot\workspace-spring-tool-suite-4-4.15.2.RELEASE\08-spring-boot-spring-mvc-security\04-spring-boot-spring-mvc-security-custom-login-form-show-error-message\src\test\resources
2024-09-19 18:02:04,721 [Worker-28: Importing Maven projects] INFO  o.e.m.c.i.l.LifecycleMappingFactory - Using org.eclipse.m2e.jdt.JarLifecycleMapping lifecycle mapping for MavenProject: com.premjeet.springboot:01-spring-boot-spring-mvc-security-default:0.0.1-SNAPSHOT @ E:\SpringBoot\workspace-spring-tool-suite-4-4.15.2.RELEASE\08-spring-boot-spring-mvc-security\05-spring-boot-spring-mvc-security-custom-login-form-with-bootstrap\pom.xml.
2024-09-19 18:02:05,657 [Worker-28: Importing Maven projects] INFO  o.e.m.j.i.AbstractJavaProjectConfigurator - Adding source folder /05-spring-boot-spring-mvc-security-custom-login-form-with-bootstrap/src/main/java
2024-09-19 18:02:05,658 [Worker-28: Importing Maven projects] INFO  o.e.m.j.i.AbstractJavaProjectConfigurator - Adding resource folder /05-spring-boot-spring-mvc-security-custom-login-form-with-bootstrap/src/main/resources
2024-09-19 18:02:05,658 [Worker-28: Importing Maven projects] INFO  o.e.m.j.i.AbstractJavaProjectConfigurator - Adding resource folder /05-spring-boot-spring-mvc-security-custom-login-form-with-bootstrap/src/main/resources
2024-09-19 18:02:05,659 [Worker-28: Importing Maven projects] INFO  o.e.m.j.i.AbstractJavaProjectConfigurator - Adding source folder /05-spring-boot-spring-mvc-security-custom-login-form-with-bootstrap/src/test/java
2024-09-19 18:02:05,923 [Worker-28: Importing Maven projects] INFO  o.e.m.c.i.p.ProjectConfigurationManager - Imported and configured 1 project(s) in 1 sec
2024-09-19 18:02:06,786 [Worker-30: Building] INFO  o.a.m.s.f.DefaultMavenResourcesFiltering - Copying 1 resource from src\main\resources to target\classes
2024-09-19 18:02:06,828 [Worker-30: Building] INFO  o.a.m.s.f.DefaultMavenResourcesFiltering - Copying 2 resources from src\main\resources to target\classes
2024-09-19 18:02:06,834 [Worker-30: Building] INFO  o.a.m.s.f.DefaultMavenResourcesFiltering - skip non existing resourceDirectory E:\SpringBoot\workspace-spring-tool-suite-4-4.15.2.RELEASE\08-spring-boot-spring-mvc-security\05-spring-boot-spring-mvc-security-custom-login-form-with-bootstrap\src\test\resources
2024-09-19 18:02:28,169 [Worker-28: Building] INFO  o.a.m.s.f.DefaultMavenResourcesFiltering - Copying 1 resource from src\main\resources to target\classes
2024-09-19 18:02:28,177 [Worker-28: Building] INFO  o.a.m.s.f.DefaultMavenResourcesFiltering - Copying 0 resource from src\main\resources to target\classes
2024-09-19 18:02:28,180 [Worker-28: Building] INFO  o.a.m.s.f.DefaultMavenResourcesFiltering - skip non existing resourceDirectory E:\SpringBoot\workspace-spring-tool-suite-4-4.15.2.RELEASE\08-spring-boot-spring-mvc-security\05-spring-boot-spring-mvc-security-custom-login-form-with-bootstrap\src\test\resources
2024-09-19 18:08:03,223 [Worker-28: Importing Maven projects] INFO  o.e.m.c.i.l.LifecycleMappingFactory - Using org.eclipse.m2e.jdt.JarLifecycleMapping lifecycle mapping for MavenProject: com.premjeet.springboot:01-spring-boot-spring-mvc-security-default:0.0.1-SNAPSHOT @ E:\SpringBoot\workspace-spring-tool-suite-4-4.15.2.RELEASE\08-spring-boot-spring-mvc-security\05-spring-boot-spring-mvc-security-custom-login-form-with-bootstrap\pom.xml.
2024-09-19 18:08:03,926 [Worker-28: Importing Maven projects] INFO  o.e.m.j.i.AbstractJavaProjectConfigurator - Adding source folder /05-spring-boot-spring-mvc-security-custom-login-form-with-bootstrap/src/main/java
2024-09-19 18:08:03,926 [Worker-28: Importing Maven projects] INFO  o.e.m.j.i.AbstractJavaProjectConfigurator - Adding resource folder /05-spring-boot-spring-mvc-security-custom-login-form-with-bootstrap/src/main/resources
2024-09-19 18:08:03,926 [Worker-28: Importing Maven projects] INFO  o.e.m.j.i.AbstractJavaProjectConfigurator - Adding resource folder /05-spring-boot-spring-mvc-security-custom-login-form-with-bootstrap/src/main/resources
2024-09-19 18:08:03,927 [Worker-28: Importing Maven projects] INFO  o.e.m.j.i.AbstractJavaProjectConfigurator - Adding source folder /05-spring-boot-spring-mvc-security-custom-login-form-with-bootstrap/src/test/java
2024-09-19 18:08:04,212 [Worker-28: Importing Maven projects] INFO  o.e.m.c.i.p.ProjectConfigurationManager - Imported and configured 1 project(s) in 1 sec
2024-09-19 18:08:05,066 [Worker-34: Building] INFO  o.a.m.s.f.DefaultMavenResourcesFiltering - Copying 1 resource from src\main\resources to target\classes
2024-09-19 18:08:05,101 [Worker-34: Building] INFO  o.a.m.s.f.DefaultMavenResourcesFiltering - Copying 3 resources from src\main\resources to target\classes
2024-09-19 18:08:05,112 [Worker-34: Building] INFO  o.a.m.s.f.DefaultMavenResourcesFiltering - skip non existing resourceDirectory E:\SpringBoot\workspace-spring-tool-suite-4-4.15.2.RELEASE\08-spring-boot-spring-mvc-security\05-spring-boot-spring-mvc-security-custom-login-form-with-bootstrap\src\test\resources
2024-09-19 18:08:35,566 [Worker-36: Building] INFO  o.a.m.s.f.DefaultMavenResourcesFiltering - Copying 1 resource from src\main\resources to target\classes
2024-09-19 18:08:35,571 [Worker-36: Building] INFO  o.a.m.s.f.DefaultMavenResourcesFiltering - Copying 0 resource from src\main\resources to target\classes
2024-09-19 18:08:35,573 [Worker-36: Building] INFO  o.a.m.s.f.DefaultMavenResourcesFiltering - skip non existing resourceDirectory E:\SpringBoot\workspace-spring-tool-suite-4-4.15.2.RELEASE\08-spring-boot-spring-mvc-security\05-spring-boot-spring-mvc-security-custom-login-form-with-bootstrap\src\test\resources
2024-09-19 18:09:31,949 [Worker-28: Building] INFO  o.a.m.s.f.DefaultMavenResourcesFiltering - Copying 0 resource from src\main\resources to target\classes
2024-09-19 18:09:31,950 [Worker-28: Building] INFO  o.a.m.s.f.DefaultMavenResourcesFiltering - Copying 1 resource from src\main\resources to target\classes
2024-09-19 18:09:31,954 [Worker-28: Building] INFO  o.a.m.s.f.DefaultMavenResourcesFiltering - skip non existing resourceDirectory E:\SpringBoot\workspace-spring-tool-suite-4-4.15.2.RELEASE\08-spring-boot-spring-mvc-security\05-spring-boot-spring-mvc-security-custom-login-form-with-bootstrap\src\test\resources
2024-09-19 18:10:42,485 [Worker-28: Building] INFO  o.a.m.s.f.DefaultMavenResourcesFiltering - Copying 0 resource from src\main\resources to target\classes
2024-09-19 18:10:42,486 [Worker-28: Building] INFO  o.a.m.s.f.DefaultMavenResourcesFiltering - Copying 1 resource from src\main\resources to target\classes
2024-09-19 18:10:42,493 [Worker-28: Building] INFO  o.a.m.s.f.DefaultMavenResourcesFiltering - skip non existing resourceDirectory E:\SpringBoot\workspace-spring-tool-suite-4-4.15.2.RELEASE\08-spring-boot-spring-mvc-security\05-spring-boot-spring-mvc-security-custom-login-form-with-bootstrap\src\test\resources
2024-09-19 18:11:51,350 [Worker-36: Building] INFO  o.a.m.s.f.DefaultMavenResourcesFiltering - Copying 0 resource from src\main\resources to target\classes
2024-09-19 18:11:51,351 [Worker-36: Building] INFO  o.a.m.s.f.DefaultMavenResourcesFiltering - Copying 1 resource from src\main\resources to target\classes
2024-09-19 18:11:51,355 [Worker-36: Building] INFO  o.a.m.s.f.DefaultMavenResourcesFiltering - skip non existing resourceDirectory E:\SpringBoot\workspace-spring-tool-suite-4-4.15.2.RELEASE\08-spring-boot-spring-mvc-security\05-spring-boot-spring-mvc-security-custom-login-form-with-bootstrap\src\test\resources
2024-09-19 18:12:28,673 [Worker-36: Building] INFO  o.a.m.s.f.DefaultMavenResourcesFiltering - Copying 0 resource from src\main\resources to target\classes
2024-09-19 18:12:28,674 [Worker-36: Building] INFO  o.a.m.s.f.DefaultMavenResourcesFiltering - Copying 1 resource from src\main\resources to target\classes
2024-09-19 18:12:28,683 [Worker-36: Building] INFO  o.a.m.s.f.DefaultMavenResourcesFiltering - skip non existing resourceDirectory E:\SpringBoot\workspace-spring-tool-suite-4-4.15.2.RELEASE\08-spring-boot-spring-mvc-security\05-spring-boot-spring-mvc-security-custom-login-form-with-bootstrap\src\test\resources
2024-09-19 18:13:06,194 [Worker-36: Building] INFO  o.a.m.s.f.DefaultMavenResourcesFiltering - Copying 1 resource from src\main\resources to target\classes
2024-09-19 18:13:06,271 [Worker-36: Building] INFO  o.a.m.s.f.DefaultMavenResourcesFiltering - Copying 3 resources from src\main\resources to target\classes
2024-09-19 18:13:06,276 [Worker-36: Building] INFO  o.a.m.s.f.DefaultMavenResourcesFiltering - skip non existing resourceDirectory E:\SpringBoot\workspace-spring-tool-suite-4-4.15.2.RELEASE\08-spring-boot-spring-mvc-security\05-spring-boot-spring-mvc-security-custom-login-form-with-bootstrap\src\test\resources
2024-09-21 09:21:41,326 [Worker-0: Loading available Gradle versions] INFO  o.e.b.c.i.u.g.PublishedGradleVersions - Gradle version information cache is out-of-date. Trying to update.
2024-09-21 09:21:53,744 [Worker-0: Loading available Gradle versions] INFO  o.e.b.c.i.u.g.PublishedGradleVersions - Updating Gradle version information cache failed. Using outdated cache.
