2024-09-17 15:47:53,830 [Worker-4: Loading available Gradle versions] INFO  o.e.b.c.i.u.g.PublishedGradleVersions - Gradle version information cache is up-to-date. Trying to read.
2024-09-17 15:48:36,775 [Worker-2: Importing Maven projects] INFO  o.e.m.c.i.l.LifecycleMappingFactory - Using org.eclipse.m2e.jdt.JarLifecycleMapping lifecycle mapping for MavenProject: com.luv2code.springboot:cruddemo:0.0.1-SNAPSHOT @ E:\SpringBoot\workspace-spring-tool-suite-4-4.15.2.RELEASE\07-spring-boot-spring-mvc-crud\01-thymeleaf-demo-employees-list\pom.xml.
2024-09-17 15:48:39,126 [Worker-2: Importing Maven projects] INFO  o.e.m.j.i.AbstractJavaProjectConfigurator - Adding source folder /01-thymeleaf-demo-employees-list/src/main/java
2024-09-17 15:48:39,127 [Worker-2: Importing Maven projects] INFO  o.e.m.j.i.AbstractJavaProjectConfigurator - Adding resource folder /01-thymeleaf-demo-employees-list/src/main/resources
2024-09-17 15:48:39,146 [Worker-2: Importing Maven projects] INFO  o.e.m.j.i.AbstractJavaProjectConfigurator - Adding resource folder /01-thymeleaf-demo-employees-list/src/main/resources
2024-09-17 15:48:39,163 [Worker-2: Importing Maven projects] INFO  o.e.m.j.i.AbstractJavaProjectConfigurator - Adding source folder /01-thymeleaf-demo-employees-list/src/test/java
2024-09-17 15:48:41,582 [Worker-2: Importing Maven projects] INFO  o.e.m.c.i.p.ProjectConfigurationManager - Imported and configured 1 project(s) in 8 sec
2024-09-17 15:48:44,371 [Worker-6: Building] INFO  o.a.m.s.f.DefaultMavenResourcesFiltering - Copying 1 resource from src\main\resources to target\classes
2024-09-17 15:48:44,461 [Worker-6: Building] INFO  o.a.m.s.f.DefaultMavenResourcesFiltering - Copying 0 resource from src\main\resources to target\classes
2024-09-17 15:48:44,466 [Worker-6: Building] INFO  o.a.m.s.f.DefaultMavenResourcesFiltering - skip non existing resourceDirectory E:\SpringBoot\workspace-spring-tool-suite-4-4.15.2.RELEASE\07-spring-boot-spring-mvc-crud\01-thymeleaf-demo-employees-list\src\test\resources
2024-09-17 15:48:54,302 [Worker-5: Building] INFO  o.a.m.s.f.DefaultMavenResourcesFiltering - Copying 0 resource from src\main\resources to target\classes
2024-09-17 15:48:54,302 [Worker-5: Building] INFO  o.a.m.s.f.DefaultMavenResourcesFiltering - Copying 0 resource from src\main\resources to target\classes
2024-09-17 15:48:54,305 [Worker-5: Building] INFO  o.a.m.s.f.DefaultMavenResourcesFiltering - skip non existing resourceDirectory E:\SpringBoot\workspace-spring-tool-suite-4-4.15.2.RELEASE\07-spring-boot-spring-mvc-crud\01-thymeleaf-demo-employees-list\src\test\resources
2024-09-17 15:51:07,084 [Worker-7: Building] INFO  o.a.m.s.f.DefaultMavenResourcesFiltering - Copying 0 resource from src\main\resources to target\classes
2024-09-17 15:51:07,085 [Worker-7: Building] INFO  o.a.m.s.f.DefaultMavenResourcesFiltering - Copying 1 resource from src\main\resources to target\classes
2024-09-17 15:51:07,090 [Worker-7: Building] INFO  o.a.m.s.f.DefaultMavenResourcesFiltering - skip non existing resourceDirectory E:\SpringBoot\workspace-spring-tool-suite-4-4.15.2.RELEASE\07-spring-boot-spring-mvc-crud\01-thymeleaf-demo-employees-list\src\test\resources
2024-09-17 15:51:15,215 [Worker-7: Building] INFO  o.a.m.s.f.DefaultMavenResourcesFiltering - Copying 0 resource from src\main\resources to target\classes
2024-09-17 15:51:15,216 [Worker-7: Building] INFO  o.a.m.s.f.DefaultMavenResourcesFiltering - Copying 1 resource from src\main\resources to target\classes
2024-09-17 15:51:15,222 [Worker-7: Building] INFO  o.a.m.s.f.DefaultMavenResourcesFiltering - skip non existing resourceDirectory E:\SpringBoot\workspace-spring-tool-suite-4-4.15.2.RELEASE\07-spring-boot-spring-mvc-crud\01-thymeleaf-demo-employees-list\src\test\resources
2024-09-17 15:51:44,923 [Worker-7: Building] INFO  o.a.m.s.f.DefaultMavenResourcesFiltering - Copying 0 resource from src\main\resources to target\classes
2024-09-17 15:51:44,923 [Worker-7: Building] INFO  o.a.m.s.f.DefaultMavenResourcesFiltering - Copying 1 resource from src\main\resources to target\classes
2024-09-17 15:51:44,928 [Worker-7: Building] INFO  o.a.m.s.f.DefaultMavenResourcesFiltering - skip non existing resourceDirectory E:\SpringBoot\workspace-spring-tool-suite-4-4.15.2.RELEASE\07-spring-boot-spring-mvc-crud\01-thymeleaf-demo-employees-list\src\test\resources
2024-09-17 15:51:48,074 [Worker-8: Building] INFO  o.a.m.s.f.DefaultMavenResourcesFiltering - Copying 0 resource from src\main\resources to target\classes
2024-09-17 15:51:48,075 [Worker-8: Building] INFO  o.a.m.s.f.DefaultMavenResourcesFiltering - Copying 1 resource from src\main\resources to target\classes
2024-09-17 15:51:48,080 [Worker-8: Building] INFO  o.a.m.s.f.DefaultMavenResourcesFiltering - skip non existing resourceDirectory E:\SpringBoot\workspace-spring-tool-suite-4-4.15.2.RELEASE\07-spring-boot-spring-mvc-crud\01-thymeleaf-demo-employees-list\src\test\resources
2024-09-17 15:52:35,242 [Worker-7: Building] INFO  o.a.m.s.f.DefaultMavenResourcesFiltering - Copying 1 resource from src\main\resources to target\classes
2024-09-17 15:52:35,265 [Worker-7: Building] INFO  o.a.m.s.f.DefaultMavenResourcesFiltering - Copying 2 resources from src\main\resources to target\classes
2024-09-17 15:52:35,268 [Worker-7: Building] INFO  o.a.m.s.f.DefaultMavenResourcesFiltering - skip non existing resourceDirectory E:\SpringBoot\workspace-spring-tool-suite-4-4.15.2.RELEASE\07-spring-boot-spring-mvc-crud\01-thymeleaf-demo-employees-list\src\test\resources
2024-09-17 15:52:46,156 [Worker-11: Building] INFO  o.a.m.s.f.DefaultMavenResourcesFiltering - Copying 1 resource from src\main\resources to target\classes
2024-09-17 15:52:46,194 [Worker-11: Building] INFO  o.a.m.s.f.DefaultMavenResourcesFiltering - Copying 2 resources from src\main\resources to target\classes
2024-09-17 15:52:46,200 [Worker-11: Building] INFO  o.a.m.s.f.DefaultMavenResourcesFiltering - skip non existing resourceDirectory E:\SpringBoot\workspace-spring-tool-suite-4-4.15.2.RELEASE\07-spring-boot-spring-mvc-crud\01-thymeleaf-demo-employees-list\src\test\resources
2024-09-17 15:53:02,157 [Worker-11: Building] INFO  o.a.m.s.f.DefaultMavenResourcesFiltering - Copying 1 resource from src\main\resources to target\classes
2024-09-17 15:53:02,182 [Worker-11: Building] INFO  o.a.m.s.f.DefaultMavenResourcesFiltering - Copying 2 resources from src\main\resources to target\classes
2024-09-17 15:53:02,186 [Worker-11: Building] INFO  o.a.m.s.f.DefaultMavenResourcesFiltering - skip non existing resourceDirectory E:\SpringBoot\workspace-spring-tool-suite-4-4.15.2.RELEASE\07-spring-boot-spring-mvc-crud\01-thymeleaf-demo-employees-list\src\test\resources
2024-09-17 15:53:19,417 [Worker-9: Building] INFO  o.a.m.s.f.DefaultMavenResourcesFiltering - Copying 1 resource from src\main\resources to target\classes
2024-09-17 15:53:19,426 [Worker-9: Building] INFO  o.a.m.s.f.DefaultMavenResourcesFiltering - Copying 2 resources from src\main\resources to target\classes
2024-09-17 15:53:19,429 [Worker-9: Building] INFO  o.a.m.s.f.DefaultMavenResourcesFiltering - skip non existing resourceDirectory E:\SpringBoot\workspace-spring-tool-suite-4-4.15.2.RELEASE\07-spring-boot-spring-mvc-crud\01-thymeleaf-demo-employees-list\src\test\resources
2024-09-17 15:55:27,596 [Worker-10: Building] INFO  o.a.m.s.f.DefaultMavenResourcesFiltering - Copying 1 resource from src\main\resources to target\classes
2024-09-17 15:55:27,619 [Worker-10: Building] INFO  o.a.m.s.f.DefaultMavenResourcesFiltering - Copying 2 resources from src\main\resources to target\classes
2024-09-17 15:55:27,624 [Worker-10: Building] INFO  o.a.m.s.f.DefaultMavenResourcesFiltering - skip non existing resourceDirectory E:\SpringBoot\workspace-spring-tool-suite-4-4.15.2.RELEASE\07-spring-boot-spring-mvc-crud\01-thymeleaf-demo-employees-list\src\test\resources
2024-09-17 15:56:01,345 [Worker-10: Building] INFO  o.a.m.s.f.DefaultMavenResourcesFiltering - Copying 1 resource from src\main\resources to target\classes
2024-09-17 15:56:01,352 [Worker-10: Building] INFO  o.a.m.s.f.DefaultMavenResourcesFiltering - Copying 2 resources from src\main\resources to target\classes
2024-09-17 15:56:01,355 [Worker-10: Building] INFO  o.a.m.s.f.DefaultMavenResourcesFiltering - skip non existing resourceDirectory E:\SpringBoot\workspace-spring-tool-suite-4-4.15.2.RELEASE\07-spring-boot-spring-mvc-crud\01-thymeleaf-demo-employees-list\src\test\resources
2024-09-17 15:56:14,457 [Worker-9: Building] INFO  o.a.m.s.f.DefaultMavenResourcesFiltering - Copying 1 resource from src\main\resources to target\classes
2024-09-17 15:56:14,475 [Worker-9: Building] INFO  o.a.m.s.f.DefaultMavenResourcesFiltering - Copying 2 resources from src\main\resources to target\classes
2024-09-17 15:56:14,478 [Worker-9: Building] INFO  o.a.m.s.f.DefaultMavenResourcesFiltering - skip non existing resourceDirectory E:\SpringBoot\workspace-spring-tool-suite-4-4.15.2.RELEASE\07-spring-boot-spring-mvc-crud\01-thymeleaf-demo-employees-list\src\test\resources
2024-09-17 15:57:01,833 [Worker-12: Building] INFO  o.a.m.s.f.DefaultMavenResourcesFiltering - Copying 1 resource from src\main\resources to target\classes
2024-09-17 15:57:01,841 [Worker-12: Building] INFO  o.a.m.s.f.DefaultMavenResourcesFiltering - Copying 2 resources from src\main\resources to target\classes
2024-09-17 15:57:01,844 [Worker-12: Building] INFO  o.a.m.s.f.DefaultMavenResourcesFiltering - skip non existing resourceDirectory E:\SpringBoot\workspace-spring-tool-suite-4-4.15.2.RELEASE\07-spring-boot-spring-mvc-crud\01-thymeleaf-demo-employees-list\src\test\resources
2024-09-17 15:57:42,460 [Worker-10: Building] INFO  o.a.m.s.f.DefaultMavenResourcesFiltering - Copying 1 resource from src\main\resources to target\classes
2024-09-17 15:57:42,468 [Worker-10: Building] INFO  o.a.m.s.f.DefaultMavenResourcesFiltering - Copying 2 resources from src\main\resources to target\classes
2024-09-17 15:57:42,472 [Worker-10: Building] INFO  o.a.m.s.f.DefaultMavenResourcesFiltering - skip non existing resourceDirectory E:\SpringBoot\workspace-spring-tool-suite-4-4.15.2.RELEASE\07-spring-boot-spring-mvc-crud\01-thymeleaf-demo-employees-list\src\test\resources
2024-09-17 16:02:47,934 [Worker-10: Building] INFO  o.a.m.s.f.DefaultMavenResourcesFiltering - Copying 1 resource from src\main\resources to target\classes
2024-09-17 16:02:47,942 [Worker-10: Building] INFO  o.a.m.s.f.DefaultMavenResourcesFiltering - Copying 2 resources from src\main\resources to target\classes
2024-09-17 16:02:47,948 [Worker-10: Building] INFO  o.a.m.s.f.DefaultMavenResourcesFiltering - skip non existing resourceDirectory E:\SpringBoot\workspace-spring-tool-suite-4-4.15.2.RELEASE\07-spring-boot-spring-mvc-crud\01-thymeleaf-demo-employees-list\src\test\resources
2024-09-17 16:04:10,346 [Worker-10: Building] INFO  o.a.m.s.f.DefaultMavenResourcesFiltering - Copying 1 resource from src\main\resources to target\classes
2024-09-17 16:04:10,355 [Worker-10: Building] INFO  o.a.m.s.f.DefaultMavenResourcesFiltering - Copying 2 resources from src\main\resources to target\classes
2024-09-17 16:04:10,358 [Worker-10: Building] INFO  o.a.m.s.f.DefaultMavenResourcesFiltering - skip non existing resourceDirectory E:\SpringBoot\workspace-spring-tool-suite-4-4.15.2.RELEASE\07-spring-boot-spring-mvc-crud\01-thymeleaf-demo-employees-list\src\test\resources
2024-09-17 16:07:00,937 [Worker-18: Importing Maven projects] INFO  o.e.m.c.i.l.LifecycleMappingFactory - Using org.eclipse.m2e.jdt.JarLifecycleMapping lifecycle mapping for MavenProject: com.luv2code.springboot:cruddemo:0.0.1-SNAPSHOT @ E:\SpringBoot\workspace-spring-tool-suite-4-4.15.2.RELEASE\07-spring-boot-spring-mvc-crud\01-thymeleaf-demo-employees-list\pom.xml.
2024-09-17 16:07:02,247 [Worker-18: Importing Maven projects] INFO  o.e.m.j.i.AbstractJavaProjectConfigurator - Adding source folder /01-thymeleaf-demo-employees-list/src/main/java
2024-09-17 16:07:02,248 [Worker-18: Importing Maven projects] INFO  o.e.m.j.i.AbstractJavaProjectConfigurator - Adding resource folder /01-thymeleaf-demo-employees-list/src/main/resources
2024-09-17 16:07:02,268 [Worker-18: Importing Maven projects] INFO  o.e.m.j.i.AbstractJavaProjectConfigurator - Adding resource folder /01-thymeleaf-demo-employees-list/src/main/resources
2024-09-17 16:07:02,285 [Worker-18: Importing Maven projects] INFO  o.e.m.j.i.AbstractJavaProjectConfigurator - Adding source folder /01-thymeleaf-demo-employees-list/src/test/java
2024-09-17 16:07:03,005 [Worker-18: Importing Maven projects] INFO  o.e.m.c.i.p.ProjectConfigurationManager - Imported and configured 1 project(s) in 2 sec
2024-09-17 16:07:04,784 [Worker-17: Building] INFO  o.a.m.s.f.DefaultMavenResourcesFiltering - Copying 1 resource from src\main\resources to target\classes
2024-09-17 16:07:04,815 [Worker-17: Building] INFO  o.a.m.s.f.DefaultMavenResourcesFiltering - Copying 0 resource from src\main\resources to target\classes
2024-09-17 16:07:04,819 [Worker-17: Building] INFO  o.a.m.s.f.DefaultMavenResourcesFiltering - skip non existing resourceDirectory E:\SpringBoot\workspace-spring-tool-suite-4-4.15.2.RELEASE\07-spring-boot-spring-mvc-crud\01-thymeleaf-demo-employees-list\src\test\resources
2024-09-17 16:07:14,242 [Worker-19: Building] INFO  o.a.m.s.f.DefaultMavenResourcesFiltering - Copying 1 resource from src\main\resources to target\classes
2024-09-17 16:07:14,260 [Worker-19: Building] INFO  o.a.m.s.f.DefaultMavenResourcesFiltering - Copying 0 resource from src\main\resources to target\classes
2024-09-17 16:07:14,263 [Worker-19: Building] INFO  o.a.m.s.f.DefaultMavenResourcesFiltering - skip non existing resourceDirectory E:\SpringBoot\workspace-spring-tool-suite-4-4.15.2.RELEASE\07-spring-boot-spring-mvc-crud\01-thymeleaf-demo-employees-list\src\test\resources
2024-09-17 16:07:27,729 [Worker-15: Building] INFO  o.a.m.s.f.DefaultMavenResourcesFiltering - Copying 1 resource from src\main\resources to target\classes
2024-09-17 16:07:27,735 [Worker-15: Building] INFO  o.a.m.s.f.DefaultMavenResourcesFiltering - Copying 0 resource from src\main\resources to target\classes
2024-09-17 16:07:27,737 [Worker-15: Building] INFO  o.a.m.s.f.DefaultMavenResourcesFiltering - skip non existing resourceDirectory E:\SpringBoot\workspace-spring-tool-suite-4-4.15.2.RELEASE\07-spring-boot-spring-mvc-crud\01-thymeleaf-demo-employees-list\src\test\resources
2024-09-17 16:07:59,284 [Worker-13: Building] INFO  o.a.m.s.f.DefaultMavenResourcesFiltering - Copying 1 resource from src\main\resources to target\classes
2024-09-17 16:07:59,291 [Worker-13: Building] INFO  o.a.m.s.f.DefaultMavenResourcesFiltering - Copying 0 resource from src\main\resources to target\classes
2024-09-17 16:07:59,294 [Worker-13: Building] INFO  o.a.m.s.f.DefaultMavenResourcesFiltering - skip non existing resourceDirectory E:\SpringBoot\workspace-spring-tool-suite-4-4.15.2.RELEASE\07-spring-boot-spring-mvc-crud\01-thymeleaf-demo-employees-list\src\test\resources
2024-09-17 16:08:02,919 [Worker-18: Building] INFO  o.a.m.s.f.DefaultMavenResourcesFiltering - Copying 1 resource from src\main\resources to target\classes
2024-09-17 16:08:02,926 [Worker-18: Building] INFO  o.a.m.s.f.DefaultMavenResourcesFiltering - Copying 0 resource from src\main\resources to target\classes
2024-09-17 16:08:02,928 [Worker-18: Building] INFO  o.a.m.s.f.DefaultMavenResourcesFiltering - skip non existing resourceDirectory E:\SpringBoot\workspace-spring-tool-suite-4-4.15.2.RELEASE\07-spring-boot-spring-mvc-crud\01-thymeleaf-demo-employees-list\src\test\resources
2024-09-17 16:08:37,267 [Worker-17: Building] INFO  o.a.m.s.f.DefaultMavenResourcesFiltering - Copying 0 resource from src\main\resources to target\classes
2024-09-17 16:08:37,268 [Worker-17: Building] INFO  o.a.m.s.f.DefaultMavenResourcesFiltering - Copying 1 resource from src\main\resources to target\classes
2024-09-17 16:08:37,291 [Worker-17: Building] INFO  o.a.m.s.f.DefaultMavenResourcesFiltering - skip non existing resourceDirectory E:\SpringBoot\workspace-spring-tool-suite-4-4.15.2.RELEASE\07-spring-boot-spring-mvc-crud\01-thymeleaf-demo-employees-list\src\test\resources
2024-09-17 16:08:46,021 [Worker-19: Building] INFO  o.a.m.s.f.DefaultMavenResourcesFiltering - Copying 0 resource from src\main\resources to target\classes
2024-09-17 16:08:46,022 [Worker-19: Building] INFO  o.a.m.s.f.DefaultMavenResourcesFiltering - Copying 1 resource from src\main\resources to target\classes
2024-09-17 16:08:46,026 [Worker-19: Building] INFO  o.a.m.s.f.DefaultMavenResourcesFiltering - skip non existing resourceDirectory E:\SpringBoot\workspace-spring-tool-suite-4-4.15.2.RELEASE\07-spring-boot-spring-mvc-crud\01-thymeleaf-demo-employees-list\src\test\resources
2024-09-17 16:09:04,190 [Worker-13: Building] INFO  o.a.m.s.f.DefaultMavenResourcesFiltering - Copying 0 resource from src\main\resources to target\classes
2024-09-17 16:09:04,191 [Worker-13: Building] INFO  o.a.m.s.f.DefaultMavenResourcesFiltering - Copying 1 resource from src\main\resources to target\classes
2024-09-17 16:09:04,200 [Worker-13: Building] INFO  o.a.m.s.f.DefaultMavenResourcesFiltering - skip non existing resourceDirectory E:\SpringBoot\workspace-spring-tool-suite-4-4.15.2.RELEASE\07-spring-boot-spring-mvc-crud\01-thymeleaf-demo-employees-list\src\test\resources
2024-09-17 16:09:13,340 [Worker-17: Building] INFO  o.a.m.s.f.DefaultMavenResourcesFiltering - Copying 0 resource from src\main\resources to target\classes
2024-09-17 16:09:13,340 [Worker-17: Building] INFO  o.a.m.s.f.DefaultMavenResourcesFiltering - Copying 1 resource from src\main\resources to target\classes
2024-09-17 16:09:13,343 [Worker-17: Building] INFO  o.a.m.s.f.DefaultMavenResourcesFiltering - skip non existing resourceDirectory E:\SpringBoot\workspace-spring-tool-suite-4-4.15.2.RELEASE\07-spring-boot-spring-mvc-crud\01-thymeleaf-demo-employees-list\src\test\resources
2024-09-17 16:10:17,922 [Worker-15: Building] INFO  o.a.m.s.f.DefaultMavenResourcesFiltering - Copying 1 resource from src\main\resources to target\classes
2024-09-17 16:10:17,932 [Worker-15: Building] INFO  o.a.m.s.f.DefaultMavenResourcesFiltering - Copying 2 resources from src\main\resources to target\classes
2024-09-17 16:10:17,936 [Worker-15: Building] INFO  o.a.m.s.f.DefaultMavenResourcesFiltering - skip non existing resourceDirectory E:\SpringBoot\workspace-spring-tool-suite-4-4.15.2.RELEASE\07-spring-boot-spring-mvc-crud\01-thymeleaf-demo-employees-list\src\test\resources
2024-09-17 16:12:49,397 [Worker-22: Building] INFO  o.a.m.s.f.DefaultMavenResourcesFiltering - Copying 1 resource from src\main\resources to target\classes
2024-09-17 16:12:49,404 [Worker-22: Building] INFO  o.a.m.s.f.DefaultMavenResourcesFiltering - Copying 2 resources from src\main\resources to target\classes
2024-09-17 16:12:49,407 [Worker-22: Building] INFO  o.a.m.s.f.DefaultMavenResourcesFiltering - skip non existing resourceDirectory E:\SpringBoot\workspace-spring-tool-suite-4-4.15.2.RELEASE\07-spring-boot-spring-mvc-crud\01-thymeleaf-demo-employees-list\src\test\resources
2024-09-17 16:14:31,348 [Worker-22: Building] INFO  o.a.m.s.f.DefaultMavenResourcesFiltering - Copying 1 resource from src\main\resources to target\classes
2024-09-17 16:14:31,357 [Worker-22: Building] INFO  o.a.m.s.f.DefaultMavenResourcesFiltering - Copying 2 resources from src\main\resources to target\classes
2024-09-17 16:14:31,360 [Worker-22: Building] INFO  o.a.m.s.f.DefaultMavenResourcesFiltering - skip non existing resourceDirectory E:\SpringBoot\workspace-spring-tool-suite-4-4.15.2.RELEASE\07-spring-boot-spring-mvc-crud\01-thymeleaf-demo-employees-list\src\test\resources
2024-09-17 16:17:10,416 [Worker-25: Importing Maven projects] INFO  o.e.m.c.i.l.LifecycleMappingFactory - Using org.eclipse.m2e.jdt.JarLifecycleMapping lifecycle mapping for MavenProject: com.luv2code.springboot:cruddemo:0.0.1-SNAPSHOT @ E:\SpringBoot\workspace-spring-tool-suite-4-4.15.2.RELEASE\07-spring-boot-spring-mvc-crud\02-thymeleaf-demo-employees-add\pom.xml.
2024-09-17 16:17:11,105 [Worker-25: Importing Maven projects] INFO  o.e.m.j.i.AbstractJavaProjectConfigurator - Adding source folder /02-thymeleaf-demo-employees-add/src/main/java
2024-09-17 16:17:11,105 [Worker-25: Importing Maven projects] INFO  o.e.m.j.i.AbstractJavaProjectConfigurator - Adding resource folder /02-thymeleaf-demo-employees-add/src/main/resources
2024-09-17 16:17:11,106 [Worker-25: Importing Maven projects] INFO  o.e.m.j.i.AbstractJavaProjectConfigurator - Adding resource folder /02-thymeleaf-demo-employees-add/src/main/resources
2024-09-17 16:17:11,107 [Worker-25: Importing Maven projects] INFO  o.e.m.j.i.AbstractJavaProjectConfigurator - Adding source folder /02-thymeleaf-demo-employees-add/src/test/java
2024-09-17 16:17:11,570 [Worker-25: Importing Maven projects] INFO  o.e.m.c.i.p.ProjectConfigurationManager - Imported and configured 1 project(s) in 2 sec
2024-09-17 16:17:12,484 [Worker-13: Building] INFO  o.a.m.s.f.DefaultMavenResourcesFiltering - Copying 1 resource from src\main\resources to target\classes
2024-09-17 16:17:12,513 [Worker-13: Building] INFO  o.a.m.s.f.DefaultMavenResourcesFiltering - Copying 2 resources from src\main\resources to target\classes
2024-09-17 16:17:12,521 [Worker-13: Building] INFO  o.a.m.s.f.DefaultMavenResourcesFiltering - skip non existing resourceDirectory E:\SpringBoot\workspace-spring-tool-suite-4-4.15.2.RELEASE\07-spring-boot-spring-mvc-crud\02-thymeleaf-demo-employees-add\src\test\resources
2024-09-17 16:24:10,300 [Worker-13: Building] INFO  o.a.m.s.f.DefaultMavenResourcesFiltering - Copying 0 resource from src\main\resources to target\classes
2024-09-17 16:24:10,300 [Worker-13: Building] INFO  o.a.m.s.f.DefaultMavenResourcesFiltering - Copying 0 resource from src\main\resources to target\classes
2024-09-17 16:24:10,301 [Worker-13: Building] INFO  o.a.m.s.f.DefaultMavenResourcesFiltering - skip non existing resourceDirectory E:\SpringBoot\workspace-spring-tool-suite-4-4.15.2.RELEASE\07-spring-boot-spring-mvc-crud\02-thymeleaf-demo-employees-add\src\test\resources
2024-09-17 16:26:01,108 [Worker-13: Building] INFO  o.a.m.s.f.DefaultMavenResourcesFiltering - Copying 0 resource from src\main\resources to target\classes
2024-09-17 16:26:01,109 [Worker-13: Building] INFO  o.a.m.s.f.DefaultMavenResourcesFiltering - Copying 1 resource from src\main\resources to target\classes
2024-09-17 16:26:01,114 [Worker-13: Building] INFO  o.a.m.s.f.DefaultMavenResourcesFiltering - skip non existing resourceDirectory E:\SpringBoot\workspace-spring-tool-suite-4-4.15.2.RELEASE\07-spring-boot-spring-mvc-crud\02-thymeleaf-demo-employees-add\src\test\resources
2024-09-17 16:26:32,374 [Worker-13: Building] INFO  o.a.m.s.f.DefaultMavenResourcesFiltering - Copying 1 resource from src\main\resources to target\classes
2024-09-17 16:26:32,398 [Worker-13: Building] INFO  o.a.m.s.f.DefaultMavenResourcesFiltering - Copying 2 resources from src\main\resources to target\classes
2024-09-17 16:26:32,401 [Worker-13: Building] INFO  o.a.m.s.f.DefaultMavenResourcesFiltering - skip non existing resourceDirectory E:\SpringBoot\workspace-spring-tool-suite-4-4.15.2.RELEASE\07-spring-boot-spring-mvc-crud\02-thymeleaf-demo-employees-add\src\test\resources
2024-09-17 16:28:32,107 [Worker-32: Building] INFO  o.a.m.s.f.DefaultMavenResourcesFiltering - Copying 0 resource from src\main\resources to target\classes
2024-09-17 16:28:32,108 [Worker-32: Building] INFO  o.a.m.s.f.DefaultMavenResourcesFiltering - Copying 1 resource from src\main\resources to target\classes
2024-09-17 16:28:32,113 [Worker-32: Building] INFO  o.a.m.s.f.DefaultMavenResourcesFiltering - skip non existing resourceDirectory E:\SpringBoot\workspace-spring-tool-suite-4-4.15.2.RELEASE\07-spring-boot-spring-mvc-crud\02-thymeleaf-demo-employees-add\src\test\resources
2024-09-17 16:29:30,301 [Worker-33: Building] INFO  o.a.m.s.f.DefaultMavenResourcesFiltering - Copying 0 resource from src\main\resources to target\classes
2024-09-17 16:29:30,301 [Worker-33: Building] INFO  o.a.m.s.f.DefaultMavenResourcesFiltering - Copying 1 resource from src\main\resources to target\classes
2024-09-17 16:29:30,305 [Worker-33: Building] INFO  o.a.m.s.f.DefaultMavenResourcesFiltering - skip non existing resourceDirectory E:\SpringBoot\workspace-spring-tool-suite-4-4.15.2.RELEASE\07-spring-boot-spring-mvc-crud\02-thymeleaf-demo-employees-add\src\test\resources
2024-09-17 16:31:26,900 [Worker-31: Building] INFO  o.a.m.s.f.DefaultMavenResourcesFiltering - Copying 0 resource from src\main\resources to target\classes
2024-09-17 16:31:26,900 [Worker-31: Building] INFO  o.a.m.s.f.DefaultMavenResourcesFiltering - Copying 1 resource from src\main\resources to target\classes
2024-09-17 16:31:26,904 [Worker-31: Building] INFO  o.a.m.s.f.DefaultMavenResourcesFiltering - skip non existing resourceDirectory E:\SpringBoot\workspace-spring-tool-suite-4-4.15.2.RELEASE\07-spring-boot-spring-mvc-crud\02-thymeleaf-demo-employees-add\src\test\resources
2024-09-17 16:31:33,498 [Worker-35: Building] INFO  o.a.m.s.f.DefaultMavenResourcesFiltering - Copying 0 resource from src\main\resources to target\classes
2024-09-17 16:31:33,499 [Worker-35: Building] INFO  o.a.m.s.f.DefaultMavenResourcesFiltering - Copying 1 resource from src\main\resources to target\classes
2024-09-17 16:31:33,505 [Worker-35: Building] INFO  o.a.m.s.f.DefaultMavenResourcesFiltering - skip non existing resourceDirectory E:\SpringBoot\workspace-spring-tool-suite-4-4.15.2.RELEASE\07-spring-boot-spring-mvc-crud\02-thymeleaf-demo-employees-add\src\test\resources
2024-09-17 16:31:40,410 [Worker-13: Building] INFO  o.a.m.s.f.DefaultMavenResourcesFiltering - Copying 0 resource from src\main\resources to target\classes
2024-09-17 16:31:40,410 [Worker-13: Building] INFO  o.a.m.s.f.DefaultMavenResourcesFiltering - Copying 1 resource from src\main\resources to target\classes
2024-09-17 16:31:40,414 [Worker-13: Building] INFO  o.a.m.s.f.DefaultMavenResourcesFiltering - skip non existing resourceDirectory E:\SpringBoot\workspace-spring-tool-suite-4-4.15.2.RELEASE\07-spring-boot-spring-mvc-crud\02-thymeleaf-demo-employees-add\src\test\resources
2024-09-17 16:34:26,294 [Worker-34: Building] INFO  o.a.m.s.f.DefaultMavenResourcesFiltering - Copying 1 resource from src\main\resources to target\classes
2024-09-17 16:34:26,311 [Worker-34: Building] INFO  o.a.m.s.f.DefaultMavenResourcesFiltering - Copying 2 resources from src\main\resources to target\classes
2024-09-17 16:34:26,314 [Worker-34: Building] INFO  o.a.m.s.f.DefaultMavenResourcesFiltering - skip non existing resourceDirectory E:\SpringBoot\workspace-spring-tool-suite-4-4.15.2.RELEASE\07-spring-boot-spring-mvc-crud\02-thymeleaf-demo-employees-add\src\test\resources
2024-09-17 16:35:01,361 [Worker-13: Building] INFO  o.a.m.s.f.DefaultMavenResourcesFiltering - Copying 1 resource from src\main\resources to target\classes
2024-09-17 16:35:01,374 [Worker-13: Building] INFO  o.a.m.s.f.DefaultMavenResourcesFiltering - Copying 2 resources from src\main\resources to target\classes
2024-09-17 16:35:01,377 [Worker-13: Building] INFO  o.a.m.s.f.DefaultMavenResourcesFiltering - skip non existing resourceDirectory E:\SpringBoot\workspace-spring-tool-suite-4-4.15.2.RELEASE\07-spring-boot-spring-mvc-crud\02-thymeleaf-demo-employees-add\src\test\resources
2024-09-17 16:35:35,980 [Worker-13: Building] INFO  o.a.m.s.f.DefaultMavenResourcesFiltering - Copying 0 resource from src\main\resources to target\classes
2024-09-17 16:35:35,981 [Worker-13: Building] INFO  o.a.m.s.f.DefaultMavenResourcesFiltering - Copying 1 resource from src\main\resources to target\classes
2024-09-17 16:35:36,031 [Worker-13: Building] INFO  o.a.m.s.f.DefaultMavenResourcesFiltering - skip non existing resourceDirectory E:\SpringBoot\workspace-spring-tool-suite-4-4.15.2.RELEASE\07-spring-boot-spring-mvc-crud\02-thymeleaf-demo-employees-add\src\test\resources
2024-09-17 16:37:17,287 [Worker-33: Building] INFO  o.a.m.s.f.DefaultMavenResourcesFiltering - Copying 0 resource from src\main\resources to target\classes
2024-09-17 16:37:17,289 [Worker-33: Building] INFO  o.a.m.s.f.DefaultMavenResourcesFiltering - Copying 1 resource from src\main\resources to target\classes
2024-09-17 16:37:17,296 [Worker-33: Building] INFO  o.a.m.s.f.DefaultMavenResourcesFiltering - skip non existing resourceDirectory E:\SpringBoot\workspace-spring-tool-suite-4-4.15.2.RELEASE\07-spring-boot-spring-mvc-crud\02-thymeleaf-demo-employees-add\src\test\resources
2024-09-17 16:38:03,171 [Worker-37: Building] INFO  o.a.m.s.f.DefaultMavenResourcesFiltering - Copying 0 resource from src\main\resources to target\classes
2024-09-17 16:38:03,173 [Worker-37: Building] INFO  o.a.m.s.f.DefaultMavenResourcesFiltering - Copying 1 resource from src\main\resources to target\classes
2024-09-17 16:38:03,180 [Worker-37: Building] INFO  o.a.m.s.f.DefaultMavenResourcesFiltering - skip non existing resourceDirectory E:\SpringBoot\workspace-spring-tool-suite-4-4.15.2.RELEASE\07-spring-boot-spring-mvc-crud\02-thymeleaf-demo-employees-add\src\test\resources
2024-09-17 16:39:07,691 [Worker-36: Building] INFO  o.a.m.s.f.DefaultMavenResourcesFiltering - Copying 0 resource from src\main\resources to target\classes
2024-09-17 16:39:07,692 [Worker-36: Building] INFO  o.a.m.s.f.DefaultMavenResourcesFiltering - Copying 1 resource from src\main\resources to target\classes
2024-09-17 16:39:07,699 [Worker-36: Building] INFO  o.a.m.s.f.DefaultMavenResourcesFiltering - skip non existing resourceDirectory E:\SpringBoot\workspace-spring-tool-suite-4-4.15.2.RELEASE\07-spring-boot-spring-mvc-crud\02-thymeleaf-demo-employees-add\src\test\resources
2024-09-17 16:40:59,128 [Worker-34: Building] INFO  o.a.m.s.f.DefaultMavenResourcesFiltering - Copying 0 resource from src\main\resources to target\classes
2024-09-17 16:40:59,129 [Worker-34: Building] INFO  o.a.m.s.f.DefaultMavenResourcesFiltering - Copying 1 resource from src\main\resources to target\classes
2024-09-17 16:40:59,140 [Worker-34: Building] INFO  o.a.m.s.f.DefaultMavenResourcesFiltering - skip non existing resourceDirectory E:\SpringBoot\workspace-spring-tool-suite-4-4.15.2.RELEASE\07-spring-boot-spring-mvc-crud\02-thymeleaf-demo-employees-add\src\test\resources
2024-09-17 16:43:41,663 [Worker-36: Building] INFO  o.a.m.s.f.DefaultMavenResourcesFiltering - Copying 0 resource from src\main\resources to target\classes
2024-09-17 16:43:41,664 [Worker-36: Building] INFO  o.a.m.s.f.DefaultMavenResourcesFiltering - Copying 1 resource from src\main\resources to target\classes
2024-09-17 16:43:41,672 [Worker-36: Building] INFO  o.a.m.s.f.DefaultMavenResourcesFiltering - skip non existing resourceDirectory E:\SpringBoot\workspace-spring-tool-suite-4-4.15.2.RELEASE\07-spring-boot-spring-mvc-crud\02-thymeleaf-demo-employees-add\src\test\resources
2024-09-17 16:44:57,139 [Worker-36: Building] INFO  o.a.m.s.f.DefaultMavenResourcesFiltering - Copying 0 resource from src\main\resources to target\classes
2024-09-17 16:44:57,140 [Worker-36: Building] INFO  o.a.m.s.f.DefaultMavenResourcesFiltering - Copying 1 resource from src\main\resources to target\classes
2024-09-17 16:44:57,147 [Worker-36: Building] INFO  o.a.m.s.f.DefaultMavenResourcesFiltering - skip non existing resourceDirectory E:\SpringBoot\workspace-spring-tool-suite-4-4.15.2.RELEASE\07-spring-boot-spring-mvc-crud\02-thymeleaf-demo-employees-add\src\test\resources
2024-09-17 16:55:18,940 [Worker-34: Building] INFO  o.a.m.s.f.DefaultMavenResourcesFiltering - Copying 0 resource from src\main\resources to target\classes
2024-09-17 16:55:18,941 [Worker-34: Building] INFO  o.a.m.s.f.DefaultMavenResourcesFiltering - Copying 1 resource from src\main\resources to target\classes
2024-09-17 16:55:18,947 [Worker-34: Building] INFO  o.a.m.s.f.DefaultMavenResourcesFiltering - skip non existing resourceDirectory E:\SpringBoot\workspace-spring-tool-suite-4-4.15.2.RELEASE\07-spring-boot-spring-mvc-crud\02-thymeleaf-demo-employees-add\src\test\resources
2024-09-17 16:56:45,650 [Worker-39: Building] INFO  o.a.m.s.f.DefaultMavenResourcesFiltering - Copying 0 resource from src\main\resources to target\classes
2024-09-17 16:56:45,651 [Worker-39: Building] INFO  o.a.m.s.f.DefaultMavenResourcesFiltering - Copying 1 resource from src\main\resources to target\classes
2024-09-17 16:56:45,660 [Worker-39: Building] INFO  o.a.m.s.f.DefaultMavenResourcesFiltering - skip non existing resourceDirectory E:\SpringBoot\workspace-spring-tool-suite-4-4.15.2.RELEASE\07-spring-boot-spring-mvc-crud\02-thymeleaf-demo-employees-add\src\test\resources
2024-09-17 16:57:42,942 [Worker-40: Building] INFO  o.a.m.s.f.DefaultMavenResourcesFiltering - Copying 0 resource from src\main\resources to target\classes
2024-09-17 16:57:42,943 [Worker-40: Building] INFO  o.a.m.s.f.DefaultMavenResourcesFiltering - Copying 1 resource from src\main\resources to target\classes
2024-09-17 16:57:42,949 [Worker-40: Building] INFO  o.a.m.s.f.DefaultMavenResourcesFiltering - skip non existing resourceDirectory E:\SpringBoot\workspace-spring-tool-suite-4-4.15.2.RELEASE\07-spring-boot-spring-mvc-crud\02-thymeleaf-demo-employees-add\src\test\resources
2024-09-17 16:58:12,206 [Worker-39: Building] INFO  o.a.m.s.f.DefaultMavenResourcesFiltering - Copying 1 resource from src\main\resources to target\classes
2024-09-17 16:58:12,267 [Worker-39: Building] INFO  o.a.m.s.f.DefaultMavenResourcesFiltering - Copying 3 resources from src\main\resources to target\classes
2024-09-17 16:58:12,328 [Worker-39: Building] INFO  o.a.m.s.f.DefaultMavenResourcesFiltering - skip non existing resourceDirectory E:\SpringBoot\workspace-spring-tool-suite-4-4.15.2.RELEASE\07-spring-boot-spring-mvc-crud\02-thymeleaf-demo-employees-add\src\test\resources
2024-09-17 16:58:33,164 [Worker-42: Building] INFO  o.a.m.s.f.DefaultMavenResourcesFiltering - Copying 0 resource from src\main\resources to target\classes
2024-09-17 16:58:33,165 [Worker-42: Building] INFO  o.a.m.s.f.DefaultMavenResourcesFiltering - Copying 1 resource from src\main\resources to target\classes
2024-09-17 16:58:33,171 [Worker-42: Building] INFO  o.a.m.s.f.DefaultMavenResourcesFiltering - skip non existing resourceDirectory E:\SpringBoot\workspace-spring-tool-suite-4-4.15.2.RELEASE\07-spring-boot-spring-mvc-crud\02-thymeleaf-demo-employees-add\src\test\resources
2024-09-17 16:58:37,439 [Worker-39: Building] INFO  o.a.m.s.f.DefaultMavenResourcesFiltering - Copying 0 resource from src\main\resources to target\classes
2024-09-17 16:58:37,441 [Worker-39: Building] INFO  o.a.m.s.f.DefaultMavenResourcesFiltering - Copying 1 resource from src\main\resources to target\classes
2024-09-17 16:58:37,446 [Worker-39: Building] INFO  o.a.m.s.f.DefaultMavenResourcesFiltering - skip non existing resourceDirectory E:\SpringBoot\workspace-spring-tool-suite-4-4.15.2.RELEASE\07-spring-boot-spring-mvc-crud\02-thymeleaf-demo-employees-add\src\test\resources
2024-09-17 16:58:50,845 [Worker-43: Building] INFO  o.a.m.s.f.DefaultMavenResourcesFiltering - Copying 0 resource from src\main\resources to target\classes
2024-09-17 16:58:50,846 [Worker-43: Building] INFO  o.a.m.s.f.DefaultMavenResourcesFiltering - Copying 1 resource from src\main\resources to target\classes
2024-09-17 16:58:50,850 [Worker-43: Building] INFO  o.a.m.s.f.DefaultMavenResourcesFiltering - skip non existing resourceDirectory E:\SpringBoot\workspace-spring-tool-suite-4-4.15.2.RELEASE\07-spring-boot-spring-mvc-crud\02-thymeleaf-demo-employees-add\src\test\resources
2024-09-17 16:59:03,273 [Worker-41: Building] INFO  o.a.m.s.f.DefaultMavenResourcesFiltering - Copying 0 resource from src\main\resources to target\classes
2024-09-17 16:59:03,273 [Worker-41: Building] INFO  o.a.m.s.f.DefaultMavenResourcesFiltering - Copying 1 resource from src\main\resources to target\classes
2024-09-17 16:59:03,280 [Worker-41: Building] INFO  o.a.m.s.f.DefaultMavenResourcesFiltering - skip non existing resourceDirectory E:\SpringBoot\workspace-spring-tool-suite-4-4.15.2.RELEASE\07-spring-boot-spring-mvc-crud\02-thymeleaf-demo-employees-add\src\test\resources
2024-09-17 17:04:16,077 [Worker-45: Building] INFO  o.a.m.s.f.DefaultMavenResourcesFiltering - Copying 1 resource from src\main\resources to target\classes
2024-09-17 17:04:16,091 [Worker-45: Building] INFO  o.a.m.s.f.DefaultMavenResourcesFiltering - Copying 3 resources from src\main\resources to target\classes
2024-09-17 17:04:16,094 [Worker-45: Building] INFO  o.a.m.s.f.DefaultMavenResourcesFiltering - skip non existing resourceDirectory E:\SpringBoot\workspace-spring-tool-suite-4-4.15.2.RELEASE\07-spring-boot-spring-mvc-crud\02-thymeleaf-demo-employees-add\src\test\resources
2024-09-17 17:06:50,409 [Worker-48: Building] INFO  o.a.m.s.f.DefaultMavenResourcesFiltering - Copying 1 resource from src\main\resources to target\classes
2024-09-17 17:06:50,463 [Worker-48: Building] INFO  o.a.m.s.f.DefaultMavenResourcesFiltering - Copying 3 resources from src\main\resources to target\classes
2024-09-17 17:06:50,466 [Worker-48: Building] INFO  o.a.m.s.f.DefaultMavenResourcesFiltering - skip non existing resourceDirectory E:\SpringBoot\workspace-spring-tool-suite-4-4.15.2.RELEASE\07-spring-boot-spring-mvc-crud\02-thymeleaf-demo-employees-add\src\test\resources
2024-09-17 17:06:58,653 [Worker-48: Building] INFO  o.a.m.s.f.DefaultMavenResourcesFiltering - Copying 1 resource from src\main\resources to target\classes
2024-09-17 17:06:58,708 [Worker-48: Building] INFO  o.a.m.s.f.DefaultMavenResourcesFiltering - Copying 3 resources from src\main\resources to target\classes
2024-09-17 17:06:58,711 [Worker-48: Building] INFO  o.a.m.s.f.DefaultMavenResourcesFiltering - skip non existing resourceDirectory E:\SpringBoot\workspace-spring-tool-suite-4-4.15.2.RELEASE\07-spring-boot-spring-mvc-crud\02-thymeleaf-demo-employees-add\src\test\resources
2024-09-17 17:09:32,991 [Worker-52: Building] INFO  o.a.m.s.f.DefaultMavenResourcesFiltering - Copying 1 resource from src\main\resources to target\classes
2024-09-17 17:09:33,050 [Worker-52: Building] INFO  o.a.m.s.f.DefaultMavenResourcesFiltering - Copying 3 resources from src\main\resources to target\classes
2024-09-17 17:09:33,055 [Worker-52: Building] INFO  o.a.m.s.f.DefaultMavenResourcesFiltering - skip non existing resourceDirectory E:\SpringBoot\workspace-spring-tool-suite-4-4.15.2.RELEASE\07-spring-boot-spring-mvc-crud\02-thymeleaf-demo-employees-add\src\test\resources
2024-09-17 17:26:08,757 [Worker-53: Importing Maven projects] INFO  o.e.m.c.i.l.LifecycleMappingFactory - Using org.eclipse.m2e.jdt.JarLifecycleMapping lifecycle mapping for MavenProject: com.luv2code.springboot:cruddemo:0.0.1-SNAPSHOT @ E:\SpringBoot\workspace-spring-tool-suite-4-4.15.2.RELEASE\07-spring-boot-spring-mvc-crud\03-01-thymeleaf-demo-employees-update\pom.xml.
2024-09-17 17:26:12,630 [Worker-53: Importing Maven projects] INFO  o.e.m.j.i.AbstractJavaProjectConfigurator - Adding source folder /03-01-thymeleaf-demo-employees-update/src/main/java
2024-09-17 17:26:12,631 [Worker-53: Importing Maven projects] INFO  o.e.m.j.i.AbstractJavaProjectConfigurator - Adding resource folder /03-01-thymeleaf-demo-employees-update/src/main/resources
2024-09-17 17:26:12,631 [Worker-53: Importing Maven projects] INFO  o.e.m.j.i.AbstractJavaProjectConfigurator - Adding resource folder /03-01-thymeleaf-demo-employees-update/src/main/resources
2024-09-17 17:26:12,632 [Worker-53: Importing Maven projects] INFO  o.e.m.j.i.AbstractJavaProjectConfigurator - Adding source folder /03-01-thymeleaf-demo-employees-update/src/test/java
2024-09-17 17:26:13,434 [Worker-53: Importing Maven projects] INFO  o.e.m.c.i.p.ProjectConfigurationManager - Imported and configured 1 project(s) in 6 sec
2024-09-17 17:26:14,459 [Worker-59: Building] INFO  o.a.m.s.f.DefaultMavenResourcesFiltering - Copying 1 resource from src\main\resources to target\classes
2024-09-17 17:26:14,489 [Worker-59: Building] INFO  o.a.m.s.f.DefaultMavenResourcesFiltering - Copying 3 resources from src\main\resources to target\classes
2024-09-17 17:26:14,585 [Worker-59: Building] INFO  o.a.m.s.f.DefaultMavenResourcesFiltering - skip non existing resourceDirectory E:\SpringBoot\workspace-spring-tool-suite-4-4.15.2.RELEASE\07-spring-boot-spring-mvc-crud\03-01-thymeleaf-demo-employees-update\src\test\resources
2024-09-17 17:27:13,029 [Worker-58: Building] INFO  o.a.m.s.f.DefaultMavenResourcesFiltering - Copying 0 resource from src\main\resources to target\classes
2024-09-17 17:27:13,029 [Worker-58: Building] INFO  o.a.m.s.f.DefaultMavenResourcesFiltering - Copying 1 resource from src\main\resources to target\classes
2024-09-17 17:27:13,033 [Worker-58: Building] INFO  o.a.m.s.f.DefaultMavenResourcesFiltering - skip non existing resourceDirectory E:\SpringBoot\workspace-spring-tool-suite-4-4.15.2.RELEASE\07-spring-boot-spring-mvc-crud\03-01-thymeleaf-demo-employees-update\src\test\resources
2024-09-17 17:30:28,983 [Worker-53: Building] INFO  o.a.m.s.f.DefaultMavenResourcesFiltering - Copying 0 resource from src\main\resources to target\classes
2024-09-17 17:30:28,984 [Worker-53: Building] INFO  o.a.m.s.f.DefaultMavenResourcesFiltering - Copying 1 resource from src\main\resources to target\classes
2024-09-17 17:30:28,991 [Worker-53: Building] INFO  o.a.m.s.f.DefaultMavenResourcesFiltering - skip non existing resourceDirectory E:\SpringBoot\workspace-spring-tool-suite-4-4.15.2.RELEASE\07-spring-boot-spring-mvc-crud\03-01-thymeleaf-demo-employees-update\src\test\resources
2024-09-17 17:31:21,718 [Worker-60: Building] INFO  o.a.m.s.f.DefaultMavenResourcesFiltering - Copying 0 resource from src\main\resources to target\classes
2024-09-17 17:31:21,719 [Worker-60: Building] INFO  o.a.m.s.f.DefaultMavenResourcesFiltering - Copying 1 resource from src\main\resources to target\classes
2024-09-17 17:31:21,725 [Worker-60: Building] INFO  o.a.m.s.f.DefaultMavenResourcesFiltering - skip non existing resourceDirectory E:\SpringBoot\workspace-spring-tool-suite-4-4.15.2.RELEASE\07-spring-boot-spring-mvc-crud\03-01-thymeleaf-demo-employees-update\src\test\resources
2024-09-17 17:35:29,456 [Worker-60: Building] INFO  o.a.m.s.f.DefaultMavenResourcesFiltering - Copying 1 resource from src\main\resources to target\classes
2024-09-17 17:35:29,465 [Worker-60: Building] INFO  o.a.m.s.f.DefaultMavenResourcesFiltering - Copying 3 resources from src\main\resources to target\classes
2024-09-17 17:35:29,468 [Worker-60: Building] INFO  o.a.m.s.f.DefaultMavenResourcesFiltering - skip non existing resourceDirectory E:\SpringBoot\workspace-spring-tool-suite-4-4.15.2.RELEASE\07-spring-boot-spring-mvc-crud\03-01-thymeleaf-demo-employees-update\src\test\resources
2024-09-17 17:36:54,974 [Worker-58: Building] INFO  o.a.m.s.f.DefaultMavenResourcesFiltering - Copying 1 resource from src\main\resources to target\classes
2024-09-17 17:36:54,988 [Worker-58: Building] INFO  o.a.m.s.f.DefaultMavenResourcesFiltering - Copying 3 resources from src\main\resources to target\classes
2024-09-17 17:36:54,991 [Worker-58: Building] INFO  o.a.m.s.f.DefaultMavenResourcesFiltering - skip non existing resourceDirectory E:\SpringBoot\workspace-spring-tool-suite-4-4.15.2.RELEASE\07-spring-boot-spring-mvc-crud\03-01-thymeleaf-demo-employees-update\src\test\resources
2024-09-17 17:39:02,349 [Worker-57: Building] INFO  o.a.m.s.f.DefaultMavenResourcesFiltering - Copying 0 resource from src\main\resources to target\classes
2024-09-17 17:39:02,350 [Worker-57: Building] INFO  o.a.m.s.f.DefaultMavenResourcesFiltering - Copying 1 resource from src\main\resources to target\classes
2024-09-17 17:39:02,354 [Worker-57: Building] INFO  o.a.m.s.f.DefaultMavenResourcesFiltering - skip non existing resourceDirectory E:\SpringBoot\workspace-spring-tool-suite-4-4.15.2.RELEASE\07-spring-boot-spring-mvc-crud\03-01-thymeleaf-demo-employees-update\src\test\resources
2024-09-17 17:41:44,793 [Worker-53: Building] INFO  o.a.m.s.f.DefaultMavenResourcesFiltering - Copying 0 resource from src\main\resources to target\classes
2024-09-17 17:41:44,793 [Worker-53: Building] INFO  o.a.m.s.f.DefaultMavenResourcesFiltering - Copying 1 resource from src\main\resources to target\classes
2024-09-17 17:41:44,799 [Worker-53: Building] INFO  o.a.m.s.f.DefaultMavenResourcesFiltering - skip non existing resourceDirectory E:\SpringBoot\workspace-spring-tool-suite-4-4.15.2.RELEASE\07-spring-boot-spring-mvc-crud\03-01-thymeleaf-demo-employees-update\src\test\resources
2024-09-17 17:42:08,673 [Worker-61: Building] INFO  o.a.m.s.f.DefaultMavenResourcesFiltering - Copying 0 resource from src\main\resources to target\classes
2024-09-17 17:42:08,674 [Worker-61: Building] INFO  o.a.m.s.f.DefaultMavenResourcesFiltering - Copying 1 resource from src\main\resources to target\classes
2024-09-17 17:42:08,680 [Worker-61: Building] INFO  o.a.m.s.f.DefaultMavenResourcesFiltering - skip non existing resourceDirectory E:\SpringBoot\workspace-spring-tool-suite-4-4.15.2.RELEASE\07-spring-boot-spring-mvc-crud\03-01-thymeleaf-demo-employees-update\src\test\resources
2024-09-17 17:42:34,224 [Worker-53: Building] INFO  o.a.m.s.f.DefaultMavenResourcesFiltering - Copying 1 resource from src\main\resources to target\classes
2024-09-17 17:42:34,232 [Worker-53: Building] INFO  o.a.m.s.f.DefaultMavenResourcesFiltering - Copying 3 resources from src\main\resources to target\classes
2024-09-17 17:42:34,235 [Worker-53: Building] INFO  o.a.m.s.f.DefaultMavenResourcesFiltering - skip non existing resourceDirectory E:\SpringBoot\workspace-spring-tool-suite-4-4.15.2.RELEASE\07-spring-boot-spring-mvc-crud\03-01-thymeleaf-demo-employees-update\src\test\resources
2024-09-17 17:47:56,567 [Worker-2: Loading available Gradle versions] INFO  o.e.b.c.i.u.g.PublishedGradleVersions - Gradle version information cache is up-to-date. Trying to read.
2024-09-17 17:51:08,471 [Worker-8: Importing Maven projects] INFO  o.e.m.c.i.l.LifecycleMappingFactory - Using org.eclipse.m2e.jdt.JarLifecycleMapping lifecycle mapping for MavenProject: com.luv2code.springboot:cruddemo:0.0.1-SNAPSHOT @ E:\SpringBoot\workspace-spring-tool-suite-4-4.15.2.RELEASE\07-spring-boot-spring-mvc-crud\04-thymeleaf-demo-employees-delete\pom.xml.
2024-09-17 17:51:11,504 [Worker-8: Importing Maven projects] INFO  o.e.m.j.i.AbstractJavaProjectConfigurator - Adding source folder /04-thymeleaf-demo-employees-delete/src/main/java
2024-09-17 17:51:11,505 [Worker-8: Importing Maven projects] INFO  o.e.m.j.i.AbstractJavaProjectConfigurator - Adding resource folder /04-thymeleaf-demo-employees-delete/src/main/resources
2024-09-17 17:51:11,506 [Worker-8: Importing Maven projects] INFO  o.e.m.j.i.AbstractJavaProjectConfigurator - Adding resource folder /04-thymeleaf-demo-employees-delete/src/main/resources
2024-09-17 17:51:11,507 [Worker-8: Importing Maven projects] INFO  o.e.m.j.i.AbstractJavaProjectConfigurator - Adding source folder /04-thymeleaf-demo-employees-delete/src/test/java
2024-09-17 17:51:13,033 [Worker-8: Importing Maven projects] INFO  o.e.m.c.i.p.ProjectConfigurationManager - Imported and configured 1 project(s) in 8 sec
2024-09-17 17:51:16,893 [Worker-1: Building] INFO  o.a.m.s.f.DefaultMavenResourcesFiltering - Copying 1 resource from src\main\resources to target\classes
2024-09-17 17:51:16,928 [Worker-1: Building] INFO  o.a.m.s.f.DefaultMavenResourcesFiltering - Copying 3 resources from src\main\resources to target\classes
2024-09-17 17:51:16,939 [Worker-1: Building] INFO  o.a.m.s.f.DefaultMavenResourcesFiltering - skip non existing resourceDirectory E:\SpringBoot\workspace-spring-tool-suite-4-4.15.2.RELEASE\07-spring-boot-spring-mvc-crud\04-thymeleaf-demo-employees-delete\src\test\resources
2024-09-17 17:55:08,262 [Worker-1: Building] INFO  o.a.m.s.f.DefaultMavenResourcesFiltering - Copying 0 resource from src\main\resources to target\classes
2024-09-17 17:55:08,262 [Worker-1: Building] INFO  o.a.m.s.f.DefaultMavenResourcesFiltering - Copying 1 resource from src\main\resources to target\classes
2024-09-17 17:55:08,267 [Worker-1: Building] INFO  o.a.m.s.f.DefaultMavenResourcesFiltering - skip non existing resourceDirectory E:\SpringBoot\workspace-spring-tool-suite-4-4.15.2.RELEASE\07-spring-boot-spring-mvc-crud\04-thymeleaf-demo-employees-delete\src\test\resources
2024-09-17 17:57:45,401 [Worker-1: Building] INFO  o.a.m.s.f.DefaultMavenResourcesFiltering - Copying 1 resource from src\main\resources to target\classes
2024-09-17 17:57:45,410 [Worker-1: Building] INFO  o.a.m.s.f.DefaultMavenResourcesFiltering - Copying 3 resources from src\main\resources to target\classes
2024-09-17 17:57:45,414 [Worker-1: Building] INFO  o.a.m.s.f.DefaultMavenResourcesFiltering - skip non existing resourceDirectory E:\SpringBoot\workspace-spring-tool-suite-4-4.15.2.RELEASE\07-spring-boot-spring-mvc-crud\04-thymeleaf-demo-employees-delete\src\test\resources
2024-09-17 18:00:55,297 [Worker-7: Building] INFO  o.a.m.s.f.DefaultMavenResourcesFiltering - Copying 0 resource from src\main\resources to target\classes
2024-09-17 18:00:55,298 [Worker-7: Building] INFO  o.a.m.s.f.DefaultMavenResourcesFiltering - Copying 1 resource from src\main\resources to target\classes
2024-09-17 18:00:55,303 [Worker-7: Building] INFO  o.a.m.s.f.DefaultMavenResourcesFiltering - skip non existing resourceDirectory E:\SpringBoot\workspace-spring-tool-suite-4-4.15.2.RELEASE\07-spring-boot-spring-mvc-crud\04-thymeleaf-demo-employees-delete\src\test\resources
2024-09-18 09:16:01,372 [Worker-3: Loading available Gradle versions] INFO  o.e.b.c.i.u.g.PublishedGradleVersions - Gradle version information cache is up-to-date. Trying to read.
